Analysis & Synthesis report for Jogo_desagfio_memoria
Sun Feb 16 11:49:31 2025
Quartus Prime Version 20.1.1 Build 720 11/11/2020 SJ Lite Edition


---------------------
; Table of Contents ;
---------------------
  1. Legal Notice
  2. Analysis & Synthesis Summary
  3. Analysis & Synthesis Settings
  4. Parallel Compilation
  5. Analysis & Synthesis Source Files Read
  6. Analysis & Synthesis Resource Usage Summary
  7. Analysis & Synthesis Resource Utilization by Entity
  8. State Machine - |jogo_desafio_memoria|unidade_controle:unidade_controle|Eatual
  9. Registers Removed During Synthesis
 10. General Register Statistics
 11. Multiplexer Restructuring Statistics (Restructuring Performed)
 12. Parameter Settings for User Entity Instance: fluxo_dados:fluxo_dados|contador_m:contador_timeout
 13. Parameter Settings for User Entity Instance: fluxo_dados:fluxo_dados|contador_m:contadorTMR
 14. Parameter Settings for User Entity Instance: fluxo_dados:fluxo_dados|mux2x1_n:seletor
 15. Parameter Settings for User Entity Instance: unidade_controle:unidade_controle
 16. Port Connectivity Checks: "unidade_controle:unidade_controle"
 17. Port Connectivity Checks: "fluxo_dados:fluxo_dados|contador_m:contadorTMR"
 18. Port Connectivity Checks: "fluxo_dados:fluxo_dados|contador_m:contador_timeout"
 19. Port Connectivity Checks: "fluxo_dados:fluxo_dados|comparador_85:ComparadorSeq"
 20. Port Connectivity Checks: "fluxo_dados:fluxo_dados|comparador_85:ComparadorJogada"
 21. Port Connectivity Checks: "fluxo_dados:fluxo_dados|contador_163:ContEnd"
 22. Port Connectivity Checks: "fluxo_dados:fluxo_dados|contador_163:ContSeq"
 23. Port Connectivity Checks: "fluxo_dados:fluxo_dados"
 24. Post-Synthesis Netlist Statistics for Top Partition
 25. Elapsed Time Per Partition
 26. Analysis & Synthesis Messages



----------------
; Legal Notice ;
----------------
Copyright (C) 2020  Intel Corporation. All rights reserved.
Your use of Intel Corporation's design tools, logic functions 
and other software and tools, and any partner logic 
functions, and any output files from any of the foregoing 
(including device programming or simulation files), and any 
associated documentation or information are expressly subject 
to the terms and conditions of the Intel Program License 
Subscription Agreement, the Intel Quartus Prime License Agreement,
the Intel FPGA IP License Agreement, or other applicable license
agreement, including, without limitation, that your use is for
the sole purpose of programming logic devices manufactured by
Intel and sold by Intel or its authorized distributors.  Please
refer to the applicable agreement for further details, at
https://fpgasoftware.intel.com/eula.



+-------------------------------------------------------------------------------+
; Analysis & Synthesis Summary                                                  ;
+---------------------------------+---------------------------------------------+
; Analysis & Synthesis Status     ; Successful - Sun Feb 16 11:49:31 2025       ;
; Quartus Prime Version           ; 20.1.1 Build 720 11/11/2020 SJ Lite Edition ;
; Revision Name                   ; Jogo_desagfio_memoria                       ;
; Top-level Entity Name           ; jogo_desafio_memoria                        ;
; Family                          ; Cyclone V                                   ;
; Logic utilization (in ALMs)     ; N/A                                         ;
; Total registers                 ; 61                                          ;
; Total pins                      ; 57                                          ;
; Total virtual pins              ; 0                                           ;
; Total block memory bits         ; 0                                           ;
; Total DSP Blocks                ; 0                                           ;
; Total HSSI RX PCSs              ; 0                                           ;
; Total HSSI PMA RX Deserializers ; 0                                           ;
; Total HSSI TX PCSs              ; 0                                           ;
; Total HSSI PMA TX Serializers   ; 0                                           ;
; Total PLLs                      ; 0                                           ;
; Total DLLs                      ; 0                                           ;
+---------------------------------+---------------------------------------------+


+--------------------------------------------------------------------------------------------------------------------------------+
; Analysis & Synthesis Settings                                                                                                  ;
+---------------------------------------------------------------------------------+----------------------+-----------------------+
; Option                                                                          ; Setting              ; Default Value         ;
+---------------------------------------------------------------------------------+----------------------+-----------------------+
; Device                                                                          ; 5CEBA4F23C7          ;                       ;
; Top-level entity name                                                           ; jogo_desafio_memoria ; Jogo_desagfio_memoria ;
; Family name                                                                     ; Cyclone V            ; Cyclone V             ;
; Use smart compilation                                                           ; Off                  ; Off                   ;
; Enable parallel Assembler and Timing Analyzer during compilation                ; On                   ; On                    ;
; Enable compact report table                                                     ; Off                  ; Off                   ;
; Restructure Multiplexers                                                        ; Auto                 ; Auto                  ;
; MLAB Add Timing Constraints For Mixed-Port Feed-Through Mode Setting Don't Care ; Off                  ; Off                   ;
; Create Debugging Nodes for IP Cores                                             ; Off                  ; Off                   ;
; Preserve fewer node names                                                       ; On                   ; On                    ;
; Intel FPGA IP Evaluation Mode                                                   ; Enable               ; Enable                ;
; Verilog Version                                                                 ; Verilog_2001         ; Verilog_2001          ;
; VHDL Version                                                                    ; VHDL_1993            ; VHDL_1993             ;
; State Machine Processing                                                        ; Auto                 ; Auto                  ;
; Safe State Machine                                                              ; Off                  ; Off                   ;
; Extract Verilog State Machines                                                  ; On                   ; On                    ;
; Extract VHDL State Machines                                                     ; On                   ; On                    ;
; Ignore Verilog initial constructs                                               ; Off                  ; Off                   ;
; Iteration limit for constant Verilog loops                                      ; 5000                 ; 5000                  ;
; Iteration limit for non-constant Verilog loops                                  ; 250                  ; 250                   ;
; Add Pass-Through Logic to Inferred RAMs                                         ; On                   ; On                    ;
; Infer RAMs from Raw Logic                                                       ; On                   ; On                    ;
; Parallel Synthesis                                                              ; On                   ; On                    ;
; DSP Block Balancing                                                             ; Auto                 ; Auto                  ;
; NOT Gate Push-Back                                                              ; On                   ; On                    ;
; Power-Up Don't Care                                                             ; On                   ; On                    ;
; Remove Redundant Logic Cells                                                    ; Off                  ; Off                   ;
; Remove Duplicate Registers                                                      ; On                   ; On                    ;
; Ignore CARRY Buffers                                                            ; Off                  ; Off                   ;
; Ignore CASCADE Buffers                                                          ; Off                  ; Off                   ;
; Ignore GLOBAL Buffers                                                           ; Off                  ; Off                   ;
; Ignore ROW GLOBAL Buffers                                                       ; Off                  ; Off                   ;
; Ignore LCELL Buffers                                                            ; Off                  ; Off                   ;
; Ignore SOFT Buffers                                                             ; On                   ; On                    ;
; Limit AHDL Integers to 32 Bits                                                  ; Off                  ; Off                   ;
; Optimization Technique                                                          ; Balanced             ; Balanced              ;
; Carry Chain Length                                                              ; 70                   ; 70                    ;
; Auto Carry Chains                                                               ; On                   ; On                    ;
; Auto Open-Drain Pins                                                            ; On                   ; On                    ;
; Perform WYSIWYG Primitive Resynthesis                                           ; Off                  ; Off                   ;
; Auto ROM Replacement                                                            ; On                   ; On                    ;
; Auto RAM Replacement                                                            ; On                   ; On                    ;
; Auto DSP Block Replacement                                                      ; On                   ; On                    ;
; Auto Shift Register Replacement                                                 ; Auto                 ; Auto                  ;
; Allow Shift Register Merging across Hierarchies                                 ; Auto                 ; Auto                  ;
; Auto Clock Enable Replacement                                                   ; On                   ; On                    ;
; Strict RAM Replacement                                                          ; Off                  ; Off                   ;
; Allow Synchronous Control Signals                                               ; On                   ; On                    ;
; Force Use of Synchronous Clear Signals                                          ; Off                  ; Off                   ;
; Auto Resource Sharing                                                           ; Off                  ; Off                   ;
; Allow Any RAM Size For Recognition                                              ; Off                  ; Off                   ;
; Allow Any ROM Size For Recognition                                              ; Off                  ; Off                   ;
; Allow Any Shift Register Size For Recognition                                   ; Off                  ; Off                   ;
; Use LogicLock Constraints during Resource Balancing                             ; On                   ; On                    ;
; Ignore translate_off and synthesis_off directives                               ; Off                  ; Off                   ;
; Timing-Driven Synthesis                                                         ; On                   ; On                    ;
; Report Parameter Settings                                                       ; On                   ; On                    ;
; Report Source Assignments                                                       ; On                   ; On                    ;
; Report Connectivity Checks                                                      ; On                   ; On                    ;
; Ignore Maximum Fan-Out Assignments                                              ; Off                  ; Off                   ;
; Synchronization Register Chain Length                                           ; 3                    ; 3                     ;
; Power Optimization During Synthesis                                             ; Normal compilation   ; Normal compilation    ;
; HDL message level                                                               ; Level2               ; Level2                ;
; Suppress Register Optimization Related Messages                                 ; Off                  ; Off                   ;
; Number of Removed Registers Reported in Synthesis Report                        ; 5000                 ; 5000                  ;
; Number of Swept Nodes Reported in Synthesis Report                              ; 5000                 ; 5000                  ;
; Number of Inverted Registers Reported in Synthesis Report                       ; 100                  ; 100                   ;
; Clock MUX Protection                                                            ; On                   ; On                    ;
; Auto Gated Clock Conversion                                                     ; Off                  ; Off                   ;
; Block Design Naming                                                             ; Auto                 ; Auto                  ;
; SDC constraint protection                                                       ; Off                  ; Off                   ;
; Synthesis Effort                                                                ; Auto                 ; Auto                  ;
; Shift Register Replacement - Allow Asynchronous Clear Signal                    ; On                   ; On                    ;
; Pre-Mapping Resynthesis Optimization                                            ; Off                  ; Off                   ;
; Analysis & Synthesis Message Level                                              ; Medium               ; Medium                ;
; Disable Register Merging Across Hierarchies                                     ; Auto                 ; Auto                  ;
; Resource Aware Inference For Block RAM                                          ; On                   ; On                    ;
; Automatic Parallel Synthesis                                                    ; On                   ; On                    ;
; Partial Reconfiguration Bitstream ID                                            ; Off                  ; Off                   ;
+---------------------------------------------------------------------------------+----------------------+-----------------------+


+------------------------------------------+
; Parallel Compilation                     ;
+----------------------------+-------------+
; Processors                 ; Number      ;
+----------------------------+-------------+
; Number detected on machine ; 8           ;
; Maximum allowed            ; 4           ;
;                            ;             ;
; Average used               ; 1.00        ;
; Maximum used               ; 4           ;
;                            ;             ;
; Usage by Processor         ; % Time Used ;
;     Processor 1            ; 100.0%      ;
;     Processors 2-4         ;   0.0%      ;
+----------------------------+-------------+


+-------------------------------------------------------------------------------------------------------------------------------------------------------------+
; Analysis & Synthesis Source Files Read                                                                                                                      ;
+----------------------------------+-----------------+------------------------+---------------------------------------------------------------------+---------+
; File Name with User-Entered Path ; Used in Netlist ; File Type              ; File Name with Absolute Path                                        ; Library ;
+----------------------------------+-----------------+------------------------+---------------------------------------------------------------------+---------+
; ../modules/sync_rom_16x4.v       ; yes             ; User Verilog HDL File  ; C:/Users/matus/Desktop/Lab Dig/LabDigI/Exp7/modules/sync_rom_16x4.v ;         ;
; ../modules/registrador_4.v       ; yes             ; User Verilog HDL File  ; C:/Users/matus/Desktop/Lab Dig/LabDigI/Exp7/modules/registrador_4.v ;         ;
; ../modules/mux2x1_n.v            ; yes             ; User Verilog HDL File  ; C:/Users/matus/Desktop/Lab Dig/LabDigI/Exp7/modules/mux2x1_n.v      ;         ;
; ../modules/hexa7seg.v            ; yes             ; User Verilog HDL File  ; C:/Users/matus/Desktop/Lab Dig/LabDigI/Exp7/modules/hexa7seg.v      ;         ;
; ../modules/edge_detector.v       ; yes             ; User Verilog HDL File  ; C:/Users/matus/Desktop/Lab Dig/LabDigI/Exp7/modules/edge_detector.v ;         ;
; ../modules/contador_m.v          ; yes             ; User Verilog HDL File  ; C:/Users/matus/Desktop/Lab Dig/LabDigI/Exp7/modules/contador_m.v    ;         ;
; ../modules/contador_163.v        ; yes             ; User Verilog HDL File  ; C:/Users/matus/Desktop/Lab Dig/LabDigI/Exp7/modules/contador_163.v  ;         ;
; ../modules/comparador_85.v       ; yes             ; User Verilog HDL File  ; C:/Users/matus/Desktop/Lab Dig/LabDigI/Exp7/modules/comparador_85.v ;         ;
; ../jogo_desafio_memoria.v        ; yes             ; User Verilog HDL File  ; C:/Users/matus/Desktop/Lab Dig/LabDigI/Exp7/jogo_desafio_memoria.v  ;         ;
; ../exp7_unidade_controle.v       ; yes             ; User Verilog HDL File  ; C:/Users/matus/Desktop/Lab Dig/LabDigI/Exp7/exp7_unidade_controle.v ;         ;
; ../exp7_fluxo_dados.v            ; yes             ; User Verilog HDL File  ; C:/Users/matus/Desktop/Lab Dig/LabDigI/Exp7/exp7_fluxo_dados.v      ;         ;
+----------------------------------+-----------------+------------------------+---------------------------------------------------------------------+---------+


+-----------------------------------------------------------+
; Analysis & Synthesis Resource Usage Summary               ;
+---------------------------------------------+-------------+
; Resource                                    ; Usage       ;
+---------------------------------------------+-------------+
; Estimate of Logic utilization (ALMs needed) ; 68          ;
;                                             ;             ;
; Combinational ALUT usage for logic          ; 116         ;
;     -- 7 input functions                    ; 0           ;
;     -- 6 input functions                    ; 17          ;
;     -- 5 input functions                    ; 11          ;
;     -- 4 input functions                    ; 51          ;
;     -- <=3 input functions                  ; 37          ;
;                                             ;             ;
; Dedicated logic registers                   ; 61          ;
;                                             ;             ;
; I/O pins                                    ; 57          ;
;                                             ;             ;
; Total DSP Blocks                            ; 0           ;
;                                             ;             ;
; Maximum fan-out node                        ; clock~input ;
; Maximum fan-out                             ; 61          ;
; Total fan-out                               ; 755         ;
; Average fan-out                             ; 2.59        ;
+---------------------------------------------+-------------+


+----------------------------------------------------------------------------------------------------------------------------------------------------------------------------------------------------------------------------------------------------------------------+
; Analysis & Synthesis Resource Utilization by Entity                                                                                                                                                                                                                  ;
+----------------------------------------+---------------------+---------------------------+-------------------+------------+------+--------------+------------------------------------------------------------------------------+----------------------+--------------+
; Compilation Hierarchy Node             ; Combinational ALUTs ; Dedicated Logic Registers ; Block Memory Bits ; DSP Blocks ; Pins ; Virtual Pins ; Full Hierarchy Name                                                          ; Entity Name          ; Library Name ;
+----------------------------------------+---------------------+---------------------------+-------------------+------------+------+--------------+------------------------------------------------------------------------------+----------------------+--------------+
; |jogo_desafio_memoria                  ; 116 (0)             ; 61 (0)                    ; 0                 ; 0          ; 57   ; 0            ; |jogo_desafio_memoria                                                        ; jogo_desafio_memoria ; work         ;
;    |fluxo_dados:fluxo_dados|           ; 55 (1)              ; 45 (0)                    ; 0                 ; 0          ; 0    ; 0            ; |jogo_desafio_memoria|fluxo_dados:fluxo_dados                                ; fluxo_dados          ; work         ;
;       |comparador_85:ComparadorJogada| ; 3 (3)               ; 0 (0)                     ; 0                 ; 0          ; 0    ; 0            ; |jogo_desafio_memoria|fluxo_dados:fluxo_dados|comparador_85:ComparadorJogada ; comparador_85        ; work         ;
;       |comparador_85:ComparadorSeq|    ; 2 (2)               ; 0 (0)                     ; 0                 ; 0          ; 0    ; 0            ; |jogo_desafio_memoria|fluxo_dados:fluxo_dados|comparador_85:ComparadorSeq    ; comparador_85        ; work         ;
;       |contador_163:ContEnd|           ; 5 (5)               ; 4 (4)                     ; 0                 ; 0          ; 0    ; 0            ; |jogo_desafio_memoria|fluxo_dados:fluxo_dados|contador_163:ContEnd           ; contador_163         ; work         ;
;       |contador_163:ContSeq|           ; 5 (5)               ; 4 (4)                     ; 0                 ; 0          ; 0    ; 0            ; |jogo_desafio_memoria|fluxo_dados:fluxo_dados|contador_163:ContSeq           ; contador_163         ; work         ;
;       |contador_m:contadorTMR|         ; 13 (13)             ; 10 (10)                   ; 0                 ; 0          ; 0    ; 0            ; |jogo_desafio_memoria|fluxo_dados:fluxo_dados|contador_m:contadorTMR         ; contador_m           ; work         ;
;       |contador_m:contador_timeout|    ; 18 (18)             ; 13 (13)                   ; 0                 ; 0          ; 0    ; 0            ; |jogo_desafio_memoria|fluxo_dados:fluxo_dados|contador_m:contador_timeout    ; contador_m           ; work         ;
;       |edge_detector:detector|         ; 0 (0)               ; 2 (2)                     ; 0                 ; 0          ; 0    ; 0            ; |jogo_desafio_memoria|fluxo_dados:fluxo_dados|edge_detector:detector         ; edge_detector        ; work         ;
;       |mux2x1_n:seletor|               ; 4 (4)               ; 0 (0)                     ; 0                 ; 0          ; 0    ; 0            ; |jogo_desafio_memoria|fluxo_dados:fluxo_dados|mux2x1_n:seletor               ; mux2x1_n             ; work         ;
;       |registrador_4:RegBotoes|        ; 0 (0)               ; 4 (4)                     ; 0                 ; 0          ; 0    ; 0            ; |jogo_desafio_memoria|fluxo_dados:fluxo_dados|registrador_4:RegBotoes        ; registrador_4        ; work         ;
;       |registrador_4:RegMem|           ; 0 (0)               ; 4 (4)                     ; 0                 ; 0          ; 0    ; 0            ; |jogo_desafio_memoria|fluxo_dados:fluxo_dados|registrador_4:RegMem           ; registrador_4        ; work         ;
;       |sync_rom_16x4:MemJogo|          ; 4 (4)               ; 4 (4)                     ; 0                 ; 0          ; 0    ; 0            ; |jogo_desafio_memoria|fluxo_dados:fluxo_dados|sync_rom_16x4:MemJogo          ; sync_rom_16x4        ; work         ;
;    |hexa7seg:display_contagem|         ; 7 (7)               ; 0 (0)                     ; 0                 ; 0          ; 0    ; 0            ; |jogo_desafio_memoria|hexa7seg:display_contagem                              ; hexa7seg             ; work         ;
;    |hexa7seg:display_estado|           ; 7 (7)               ; 0 (0)                     ; 0                 ; 0          ; 0    ; 0            ; |jogo_desafio_memoria|hexa7seg:display_estado                                ; hexa7seg             ; work         ;
;    |hexa7seg:display_jogada|           ; 7 (7)               ; 0 (0)                     ; 0                 ; 0          ; 0    ; 0            ; |jogo_desafio_memoria|hexa7seg:display_jogada                                ; hexa7seg             ; work         ;
;    |hexa7seg:display_memoria|          ; 7 (7)               ; 0 (0)                     ; 0                 ; 0          ; 0    ; 0            ; |jogo_desafio_memoria|hexa7seg:display_memoria                               ; hexa7seg             ; work         ;
;    |hexa7seg:display_sequencia|        ; 7 (7)               ; 0 (0)                     ; 0                 ; 0          ; 0    ; 0            ; |jogo_desafio_memoria|hexa7seg:display_sequencia                             ; hexa7seg             ; work         ;
;    |unidade_controle:unidade_controle| ; 26 (26)             ; 16 (16)                   ; 0                 ; 0          ; 0    ; 0            ; |jogo_desafio_memoria|unidade_controle:unidade_controle                      ; unidade_controle     ; work         ;
+----------------------------------------+---------------------+---------------------------+-------------------+------------+------+--------------+------------------------------------------------------------------------------+----------------------+--------------+
Note: For table entries with two numbers listed, the numbers in parentheses indicate the number of resources of the given type used by the specific entity alone. The numbers listed outside of parentheses indicate the total resources of the given type used by the specific entity and all of its sub-entities in the hierarchy.


Encoding Type:  One-Hot
+------------------------------------------------------------------------------------------------------------------------------------------------------------------------------------------------------------------------------------------------------------------------------------------------------------------------------------------------------------------------------------------------+
; State Machine - |jogo_desafio_memoria|unidade_controle:unidade_controle|Eatual                                                                                                                                                                                                                                                                                                                 ;
+--------------------------+---------------+-------------+-----------------------+-----------------------+------------------------+----------------------+----------------------+------------------------+-----------------------+------------------+---------------------+----------------------+-------------------------+--------------------------+-------------------------+----------------+
; Name                     ; Eatual.ACERTO ; Eatual.ERRO ; Eatual.PROXIMA_JOGADA ; Eatual.COMPARA_JOGADA ; Eatual.REGISTRA_JOGADA ; Eatual.ESPERA_JOGADA ; Eatual.COMECO_JOGADA ; Eatual.PROXIMA_POSICAO ; Eatual.MOSTRA_APAGADO ; Eatual.ZERA_LEDS ; Eatual.MOSTRA_DADOS ; Eatual.CARREGA_DADOS ; Eatual.ULTIMA_SEQUENCIA ; Eatual.PROXIMA_SEQUENCIA ; Eatual.INICIA_SEQUENCIA ; Eatual.INICIAL ;
+--------------------------+---------------+-------------+-----------------------+-----------------------+------------------------+----------------------+----------------------+------------------------+-----------------------+------------------+---------------------+----------------------+-------------------------+--------------------------+-------------------------+----------------+
; Eatual.INICIAL           ; 0             ; 0           ; 0                     ; 0                     ; 0                      ; 0                    ; 0                    ; 0                      ; 0                     ; 0                ; 0                   ; 0                    ; 0                       ; 0                        ; 0                       ; 0              ;
; Eatual.INICIA_SEQUENCIA  ; 0             ; 0           ; 0                     ; 0                     ; 0                      ; 0                    ; 0                    ; 0                      ; 0                     ; 0                ; 0                   ; 0                    ; 0                       ; 0                        ; 1                       ; 1              ;
; Eatual.PROXIMA_SEQUENCIA ; 0             ; 0           ; 0                     ; 0                     ; 0                      ; 0                    ; 0                    ; 0                      ; 0                     ; 0                ; 0                   ; 0                    ; 0                       ; 1                        ; 0                       ; 1              ;
; Eatual.ULTIMA_SEQUENCIA  ; 0             ; 0           ; 0                     ; 0                     ; 0                      ; 0                    ; 0                    ; 0                      ; 0                     ; 0                ; 0                   ; 0                    ; 1                       ; 0                        ; 0                       ; 1              ;
; Eatual.CARREGA_DADOS     ; 0             ; 0           ; 0                     ; 0                     ; 0                      ; 0                    ; 0                    ; 0                      ; 0                     ; 0                ; 0                   ; 1                    ; 0                       ; 0                        ; 0                       ; 1              ;
; Eatual.MOSTRA_DADOS      ; 0             ; 0           ; 0                     ; 0                     ; 0                      ; 0                    ; 0                    ; 0                      ; 0                     ; 0                ; 1                   ; 0                    ; 0                       ; 0                        ; 0                       ; 1              ;
; Eatual.ZERA_LEDS         ; 0             ; 0           ; 0                     ; 0                     ; 0                      ; 0                    ; 0                    ; 0                      ; 0                     ; 1                ; 0                   ; 0                    ; 0                       ; 0                        ; 0                       ; 1              ;
; Eatual.MOSTRA_APAGADO    ; 0             ; 0           ; 0                     ; 0                     ; 0                      ; 0                    ; 0                    ; 0                      ; 1                     ; 0                ; 0                   ; 0                    ; 0                       ; 0                        ; 0                       ; 1              ;
; Eatual.PROXIMA_POSICAO   ; 0             ; 0           ; 0                     ; 0                     ; 0                      ; 0                    ; 0                    ; 1                      ; 0                     ; 0                ; 0                   ; 0                    ; 0                       ; 0                        ; 0                       ; 1              ;
; Eatual.COMECO_JOGADA     ; 0             ; 0           ; 0                     ; 0                     ; 0                      ; 0                    ; 1                    ; 0                      ; 0                     ; 0                ; 0                   ; 0                    ; 0                       ; 0                        ; 0                       ; 1              ;
; Eatual.ESPERA_JOGADA     ; 0             ; 0           ; 0                     ; 0                     ; 0                      ; 1                    ; 0                    ; 0                      ; 0                     ; 0                ; 0                   ; 0                    ; 0                       ; 0                        ; 0                       ; 1              ;
; Eatual.REGISTRA_JOGADA   ; 0             ; 0           ; 0                     ; 0                     ; 1                      ; 0                    ; 0                    ; 0                      ; 0                     ; 0                ; 0                   ; 0                    ; 0                       ; 0                        ; 0                       ; 1              ;
; Eatual.COMPARA_JOGADA    ; 0             ; 0           ; 0                     ; 1                     ; 0                      ; 0                    ; 0                    ; 0                      ; 0                     ; 0                ; 0                   ; 0                    ; 0                       ; 0                        ; 0                       ; 1              ;
; Eatual.PROXIMA_JOGADA    ; 0             ; 0           ; 1                     ; 0                     ; 0                      ; 0                    ; 0                    ; 0                      ; 0                     ; 0                ; 0                   ; 0                    ; 0                       ; 0                        ; 0                       ; 1              ;
; Eatual.ERRO              ; 0             ; 1           ; 0                     ; 0                     ; 0                      ; 0                    ; 0                    ; 0                      ; 0                     ; 0                ; 0                   ; 0                    ; 0                       ; 0                        ; 0                       ; 1              ;
; Eatual.ACERTO            ; 1             ; 0           ; 0                     ; 0                     ; 0                      ; 0                    ; 0                    ; 0                      ; 0                     ; 0                ; 0                   ; 0                    ; 0                       ; 0                        ; 0                       ; 1              ;
+--------------------------+---------------+-------------+-----------------------+-----------------------+------------------------+----------------------+----------------------+------------------------+-----------------------+------------------+---------------------+----------------------+-------------------------+--------------------------+-------------------------+----------------+


+-----------------------------------------------------------------+
; Registers Removed During Synthesis                              ;
+--------------------------------------------+--------------------+
; Register name                              ; Reason for Removal ;
+--------------------------------------------+--------------------+
; unidade_controle:unidade_controle|Eatual~4 ; Lost fanout        ;
; unidade_controle:unidade_controle|Eatual~5 ; Lost fanout        ;
; unidade_controle:unidade_controle|Eatual~6 ; Lost fanout        ;
; unidade_controle:unidade_controle|Eatual~7 ; Lost fanout        ;
; Total Number of Removed Registers = 4      ;                    ;
+--------------------------------------------+--------------------+


+------------------------------------------------------+
; General Register Statistics                          ;
+----------------------------------------------+-------+
; Statistic                                    ; Value ;
+----------------------------------------------+-------+
; Total registers                              ; 61    ;
; Number of registers using Synchronous Clear  ; 23    ;
; Number of registers using Synchronous Load   ; 0     ;
; Number of registers using Asynchronous Clear ; 26    ;
; Number of registers using Asynchronous Load  ; 0     ;
; Number of registers using Clock Enable       ; 39    ;
; Number of registers using Preset             ; 0     ;
+----------------------------------------------+-------+


+-----------------------------------------------------------------------------------------------------------------------------------------------------------------------------------------------+
; Multiplexer Restructuring Statistics (Restructuring Performed)                                                                                                                                ;
+--------------------+-----------+---------------+----------------------+------------------------+------------+---------------------------------------------------------------------------------+
; Multiplexer Inputs ; Bus Width ; Baseline Area ; Area if Restructured ; Saving if Restructured ; Registered ; Example Multiplexer Output                                                      ;
+--------------------+-----------+---------------+----------------------+------------------------+------------+---------------------------------------------------------------------------------+
; 3:1                ; 4 bits    ; 8 LEs         ; 4 LEs                ; 4 LEs                  ; Yes        ; |jogo_desafio_memoria|fluxo_dados:fluxo_dados|contador_163:ContSeq|Q[3]         ;
; 3:1                ; 4 bits    ; 8 LEs         ; 4 LEs                ; 4 LEs                  ; Yes        ; |jogo_desafio_memoria|fluxo_dados:fluxo_dados|contador_163:ContEnd|Q[3]         ;
; 4:1                ; 13 bits   ; 26 LEs        ; 0 LEs                ; 26 LEs                 ; Yes        ; |jogo_desafio_memoria|fluxo_dados:fluxo_dados|contador_m:contador_timeout|Q[10] ;
; 4:1                ; 10 bits   ; 20 LEs        ; 0 LEs                ; 20 LEs                 ; Yes        ; |jogo_desafio_memoria|fluxo_dados:fluxo_dados|contador_m:contadorTMR|Q[0]       ;
; 3:1                ; 2 bits    ; 4 LEs         ; 4 LEs                ; 0 LEs                  ; No         ; |jogo_desafio_memoria|unidade_controle:unidade_controle|Eprox.PROXIMA_JOGADA    ;
; 3:1                ; 2 bits    ; 4 LEs         ; 4 LEs                ; 0 LEs                  ; No         ; |jogo_desafio_memoria|unidade_controle:unidade_controle|Eprox.COMECO_JOGADA     ;
+--------------------+-----------+---------------+----------------------+------------------------+------------+---------------------------------------------------------------------------------+


+--------------------------------------------------------------------------------------------------+
; Parameter Settings for User Entity Instance: fluxo_dados:fluxo_dados|contador_m:contador_timeout ;
+----------------+-------+-------------------------------------------------------------------------+
; Parameter Name ; Value ; Type                                                                    ;
+----------------+-------+-------------------------------------------------------------------------+
; M              ; 5000  ; Signed Integer                                                          ;
; N              ; 13    ; Signed Integer                                                          ;
+----------------+-------+-------------------------------------------------------------------------+
Note: In order to hide this table in the UI and the text report file, please set the "Show Parameter Settings in Synthesis Report" option in "Analysis and Synthesis Settings -> More Settings" to "Off".


+---------------------------------------------------------------------------------------------+
; Parameter Settings for User Entity Instance: fluxo_dados:fluxo_dados|contador_m:contadorTMR ;
+----------------+-------+--------------------------------------------------------------------+
; Parameter Name ; Value ; Type                                                               ;
+----------------+-------+--------------------------------------------------------------------+
; M              ; 500   ; Signed Integer                                                     ;
; N              ; 10    ; Signed Integer                                                     ;
+----------------+-------+--------------------------------------------------------------------+
Note: In order to hide this table in the UI and the text report file, please set the "Show Parameter Settings in Synthesis Report" option in "Analysis and Synthesis Settings -> More Settings" to "Off".


+---------------------------------------------------------------------------------------+
; Parameter Settings for User Entity Instance: fluxo_dados:fluxo_dados|mux2x1_n:seletor ;
+----------------+-------+--------------------------------------------------------------+
; Parameter Name ; Value ; Type                                                         ;
+----------------+-------+--------------------------------------------------------------+
; BITS           ; 4     ; Signed Integer                                               ;
+----------------+-------+--------------------------------------------------------------+
Note: In order to hide this table in the UI and the text report file, please set the "Show Parameter Settings in Synthesis Report" option in "Analysis and Synthesis Settings -> More Settings" to "Off".


+--------------------------------------------------------------------------------+
; Parameter Settings for User Entity Instance: unidade_controle:unidade_controle ;
+-------------------+-------+----------------------------------------------------+
; Parameter Name    ; Value ; Type                                               ;
+-------------------+-------+----------------------------------------------------+
; INICIAL           ; 0     ; Signed Integer                                     ;
; INICIA_SEQUENCIA  ; 1     ; Signed Integer                                     ;
; PROXIMA_SEQUENCIA ; 2     ; Signed Integer                                     ;
; ULTIMA_SEQUENCIA  ; 3     ; Signed Integer                                     ;
; CARREGA_DADOS     ; 4     ; Signed Integer                                     ;
; MOSTRA_DADOS      ; 5     ; Signed Integer                                     ;
; ZERA_LEDS         ; 6     ; Signed Integer                                     ;
; MOSTRA_APAGADO    ; 7     ; Signed Integer                                     ;
; PROXIMA_POSICAO   ; 8     ; Signed Integer                                     ;
; COMECO_JOGADA     ; 9     ; Signed Integer                                     ;
; ESPERA_JOGADA     ; 10    ; Signed Integer                                     ;
; REGISTRA_JOGADA   ; 11    ; Signed Integer                                     ;
; COMPARA_JOGADA    ; 12    ; Signed Integer                                     ;
; PROXIMA_JOGADA    ; 13    ; Signed Integer                                     ;
; ERRO              ; 14    ; Signed Integer                                     ;
; ACERTO            ; 15    ; Signed Integer                                     ;
+-------------------+-------+----------------------------------------------------+
Note: In order to hide this table in the UI and the text report file, please set the "Show Parameter Settings in Synthesis Report" option in "Analysis and Synthesis Settings -> More Settings" to "Off".


+--------------------------------------------------------------------------------------------------------------------------------------+
; Port Connectivity Checks: "unidade_controle:unidade_controle"                                                                        ;
+-------+--------+----------+----------------------------------------------------------------------------------------------------------+
; Port  ; Type   ; Severity ; Details                                                                                                  ;
+-------+--------+----------+----------------------------------------------------------------------------------------------------------+
; zeraL ; Output ; Warning  ; Declared by entity but not connected by instance. Logic that only feeds a dangling port will be removed. ;
+-------+--------+----------+----------------------------------------------------------------------------------------------------------+


+----------------------------------------------------------------------------+
; Port Connectivity Checks: "fluxo_dados:fluxo_dados|contador_m:contadorTMR" ;
+---------+--------+----------+----------------------------------------------+
; Port    ; Type   ; Severity ; Details                                      ;
+---------+--------+----------+----------------------------------------------+
; zera_as ; Input  ; Info     ; Explicitly unconnected                       ;
; Q       ; Output ; Info     ; Explicitly unconnected                       ;
; meio    ; Output ; Info     ; Explicitly unconnected                       ;
+---------+--------+----------+----------------------------------------------+


+---------------------------------------------------------------------------------+
; Port Connectivity Checks: "fluxo_dados:fluxo_dados|contador_m:contador_timeout" ;
+---------+--------+----------+---------------------------------------------------+
; Port    ; Type   ; Severity ; Details                                           ;
+---------+--------+----------+---------------------------------------------------+
; zera_as ; Input  ; Info     ; Explicitly unconnected                            ;
; Q       ; Output ; Info     ; Explicitly unconnected                            ;
; meio    ; Output ; Info     ; Explicitly unconnected                            ;
+---------+--------+----------+---------------------------------------------------+


+---------------------------------------------------------------------------------+
; Port Connectivity Checks: "fluxo_dados:fluxo_dados|comparador_85:ComparadorSeq" ;
+------+--------+----------+------------------------------------------------------+
; Port ; Type   ; Severity ; Details                                              ;
+------+--------+----------+------------------------------------------------------+
; AEBi ; Input  ; Info     ; Stuck at VCC                                         ;
; AGBi ; Input  ; Info     ; Stuck at GND                                         ;
; ALBi ; Input  ; Info     ; Stuck at GND                                         ;
; ALBo ; Output ; Info     ; Explicitly unconnected                               ;
+------+--------+----------+------------------------------------------------------+


+------------------------------------------------------------------------------------+
; Port Connectivity Checks: "fluxo_dados:fluxo_dados|comparador_85:ComparadorJogada" ;
+------+--------+----------+---------------------------------------------------------+
; Port ; Type   ; Severity ; Details                                                 ;
+------+--------+----------+---------------------------------------------------------+
; AEBi ; Input  ; Info     ; Stuck at VCC                                            ;
; AGBi ; Input  ; Info     ; Stuck at GND                                            ;
; ALBi ; Input  ; Info     ; Stuck at GND                                            ;
; ALBo ; Output ; Info     ; Explicitly unconnected                                  ;
; AGBo ; Output ; Info     ; Explicitly unconnected                                  ;
+------+--------+----------+---------------------------------------------------------+


+-------------------------------------------------------------------------------------------------------------------------------------------------------------------------------------------------------------+
; Port Connectivity Checks: "fluxo_dados:fluxo_dados|contador_163:ContEnd"                                                                                                                                    ;
+-------+-------+----------+----------------------------------------------------------------------------------------------------------------------------------------------------------------------------------+
; Port  ; Type  ; Severity ; Details                                                                                                                                                                          ;
+-------+-------+----------+----------------------------------------------------------------------------------------------------------------------------------------------------------------------------------+
; ld    ; Input ; Info     ; Stuck at VCC                                                                                                                                                                     ;
; ent   ; Input ; Info     ; Stuck at VCC                                                                                                                                                                     ;
; D     ; Input ; Warning  ; Input port expression (4 bits) is wider than the input port (1 bits) it drives.  The 3 most-significant bit(s) in the expression will be dangling if they have no other fanouts. ;
; D[-1] ; Input ; Info     ; Stuck at GND                                                                                                                                                                     ;
+-------+-------+----------+----------------------------------------------------------------------------------------------------------------------------------------------------------------------------------+


+-------------------------------------------------------------------------------------------------------------------------------------------------------------------------------------------------------------+
; Port Connectivity Checks: "fluxo_dados:fluxo_dados|contador_163:ContSeq"                                                                                                                                    ;
+-------+-------+----------+----------------------------------------------------------------------------------------------------------------------------------------------------------------------------------+
; Port  ; Type  ; Severity ; Details                                                                                                                                                                          ;
+-------+-------+----------+----------------------------------------------------------------------------------------------------------------------------------------------------------------------------------+
; ld    ; Input ; Info     ; Stuck at VCC                                                                                                                                                                     ;
; ent   ; Input ; Info     ; Stuck at VCC                                                                                                                                                                     ;
; D     ; Input ; Warning  ; Input port expression (4 bits) is wider than the input port (1 bits) it drives.  The 3 most-significant bit(s) in the expression will be dangling if they have no other fanouts. ;
; D[-1] ; Input ; Info     ; Stuck at GND                                                                                                                                                                     ;
+-------+-------+----------+----------------------------------------------------------------------------------------------------------------------------------------------------------------------------------+


+----------------------------------------------------------------------------+
; Port Connectivity Checks: "fluxo_dados:fluxo_dados"                        ;
+-------------------------------+--------+----------+------------------------+
; Port                          ; Type   ; Severity ; Details                ;
+-------------------------------+--------+----------+------------------------+
; enderecoMenorOuIgualSequencia ; Output ; Info     ; Explicitly unconnected ;
+-------------------------------+--------+----------+------------------------+


+-----------------------------------------------------+
; Post-Synthesis Netlist Statistics for Top Partition ;
+-----------------------+-----------------------------+
; Type                  ; Count                       ;
+-----------------------+-----------------------------+
; arriav_ff             ; 61                          ;
;     CLR               ; 18                          ;
;     ENA               ; 8                           ;
;     ENA CLR           ; 8                           ;
;     ENA SCLR          ; 23                          ;
;     plain             ; 4                           ;
; arriav_lcell_comb     ; 124                         ;
;     arith             ; 23                          ;
;         1 data inputs ; 23                          ;
;     normal            ; 101                         ;
;         0 data inputs ; 1                           ;
;         1 data inputs ; 7                           ;
;         2 data inputs ; 6                           ;
;         3 data inputs ; 8                           ;
;         4 data inputs ; 51                          ;
;         5 data inputs ; 11                          ;
;         6 data inputs ; 17                          ;
; boundary_port         ; 57                          ;
;                       ;                             ;
; Max LUT depth         ; 4.00                        ;
; Average LUT depth     ; 2.15                        ;
+-----------------------+-----------------------------+


+-------------------------------+
; Elapsed Time Per Partition    ;
+----------------+--------------+
; Partition Name ; Elapsed Time ;
+----------------+--------------+
; Top            ; 00:00:00     ;
+----------------+--------------+


+-------------------------------+
; Analysis & Synthesis Messages ;
+-------------------------------+
Info: *******************************************************************
Info: Running Quartus Prime Analysis & Synthesis
    Info: Version 20.1.1 Build 720 11/11/2020 SJ Lite Edition
    Info: Processing started: Sun Feb 16 11:49:24 2025
Info: Command: quartus_map --read_settings_files=on --write_settings_files=off Jogo_desagfio_memoria -c Jogo_desagfio_memoria
Warning (18236): Number of processors has not been specified which may cause overloading on shared machines.  Set the global assignment NUM_PARALLEL_PROCESSORS in your QSF to an appropriate value for best performance.
Info (20030): Parallel compilation is enabled and will use 4 of the 4 processors detected
Info (12021): Found 1 design units, including 1 entities, in source file /users/matus/desktop/lab dig/labdigi/exp7/modules/sync_rom_16x4.v
    Info (12023): Found entity 1: sync_rom_16x4 File: C:/Users/matus/Desktop/Lab Dig/LabDigI/Exp7/modules/sync_rom_16x4.v Line: 13
Info (12021): Found 1 design units, including 1 entities, in source file /users/matus/desktop/lab dig/labdigi/exp7/modules/registrador_4.v
    Info (12023): Found entity 1: registrador_4 File: C:/Users/matus/Desktop/Lab Dig/LabDigI/Exp7/modules/registrador_4.v Line: 13
Info (12021): Found 1 design units, including 1 entities, in source file /users/matus/desktop/lab dig/labdigi/exp7/modules/mux2x1_n.v
    Info (12023): Found entity 1: mux2x1_n File: C:/Users/matus/Desktop/Lab Dig/LabDigI/Exp7/modules/mux2x1_n.v Line: 17
Info (12021): Found 1 design units, including 1 entities, in source file /users/matus/desktop/lab dig/labdigi/exp7/modules/hexa7seg.v
    Info (12023): Found entity 1: hexa7seg File: C:/Users/matus/Desktop/Lab Dig/LabDigI/Exp7/modules/hexa7seg.v Line: 23
Info (12021): Found 1 design units, including 1 entities, in source file /users/matus/desktop/lab dig/labdigi/exp7/modules/edge_detector.v
    Info (12023): Found entity 1: edge_detector File: C:/Users/matus/Desktop/Lab Dig/LabDigI/Exp7/modules/edge_detector.v Line: 21
Info (12021): Found 1 design units, including 1 entities, in source file /users/matus/desktop/lab dig/labdigi/exp7/modules/contador_m.v
    Info (12023): Found entity 1: contador_m File: C:/Users/matus/Desktop/Lab Dig/LabDigI/Exp7/modules/contador_m.v Line: 20
Info (12021): Found 1 design units, including 1 entities, in source file /users/matus/desktop/lab dig/labdigi/exp7/modules/contador_163.v
    Info (12023): Found entity 1: contador_163 File: C:/Users/matus/Desktop/Lab Dig/LabDigI/Exp7/modules/contador_163.v Line: 16
Info (12021): Found 1 design units, including 1 entities, in source file /users/matus/desktop/lab dig/labdigi/exp7/modules/comparador_85.v
    Info (12023): Found entity 1: comparador_85 File: C:/Users/matus/Desktop/Lab Dig/LabDigI/Exp7/modules/comparador_85.v Line: 16
Info (12021): Found 1 design units, including 1 entities, in source file /users/matus/desktop/lab dig/labdigi/exp7/jogo_desafio_memoria.v
    Info (12023): Found entity 1: jogo_desafio_memoria File: C:/Users/matus/Desktop/Lab Dig/LabDigI/Exp7/jogo_desafio_memoria.v Line: 13
Info (12021): Found 1 design units, including 1 entities, in source file /users/matus/desktop/lab dig/labdigi/exp7/exp7_unidade_controle.v
    Info (12023): Found entity 1: unidade_controle File: C:/Users/matus/Desktop/Lab Dig/LabDigI/Exp7/exp7_unidade_controle.v Line: 1
Info (12021): Found 1 design units, including 1 entities, in source file /users/matus/desktop/lab dig/labdigi/exp7/exp7_fluxo_dados.v
    Info (12023): Found entity 1: fluxo_dados File: C:/Users/matus/Desktop/Lab Dig/LabDigI/Exp7/exp7_fluxo_dados.v Line: 22
Info (12127): Elaborating entity "jogo_desafio_memoria" for the top level hierarchy
Warning (10034): Output port "db_igual" at jogo_desafio_memoria.v(22) has no driver File: C:/Users/matus/Desktop/Lab Dig/LabDigI/Exp7/jogo_desafio_memoria.v Line: 22
Warning (10034): Output port "db_clock" at jogo_desafio_memoria.v(22) has no driver File: C:/Users/matus/Desktop/Lab Dig/LabDigI/Exp7/jogo_desafio_memoria.v Line: 22
Warning (10034): Output port "db_fimseq" at jogo_desafio_memoria.v(22) has no driver File: C:/Users/matus/Desktop/Lab Dig/LabDigI/Exp7/jogo_desafio_memoria.v Line: 22
Info (12128): Elaborating entity "fluxo_dados" for hierarchy "fluxo_dados:fluxo_dados" File: C:/Users/matus/Desktop/Lab Dig/LabDigI/Exp7/jogo_desafio_memoria.v Line: 48
Info (12128): Elaborating entity "contador_163" for hierarchy "fluxo_dados:fluxo_dados|contador_163:ContSeq" File: C:/Users/matus/Desktop/Lab Dig/LabDigI/Exp7/exp7_fluxo_dados.v Line: 53
Info (12128): Elaborating entity "comparador_85" for hierarchy "fluxo_dados:fluxo_dados|comparador_85:ComparadorJogada" File: C:/Users/matus/Desktop/Lab Dig/LabDigI/Exp7/exp7_fluxo_dados.v Line: 77
Info (12128): Elaborating entity "sync_rom_16x4" for hierarchy "fluxo_dados:fluxo_dados|sync_rom_16x4:MemJogo" File: C:/Users/matus/Desktop/Lab Dig/LabDigI/Exp7/exp7_fluxo_dados.v Line: 95
Info (12128): Elaborating entity "registrador_4" for hierarchy "fluxo_dados:fluxo_dados|registrador_4:RegBotoes" File: C:/Users/matus/Desktop/Lab Dig/LabDigI/Exp7/exp7_fluxo_dados.v Line: 104
Info (12128): Elaborating entity "edge_detector" for hierarchy "fluxo_dados:fluxo_dados|edge_detector:detector" File: C:/Users/matus/Desktop/Lab Dig/LabDigI/Exp7/exp7_fluxo_dados.v Line: 120
Info (12128): Elaborating entity "contador_m" for hierarchy "fluxo_dados:fluxo_dados|contador_m:contador_timeout" File: C:/Users/matus/Desktop/Lab Dig/LabDigI/Exp7/exp7_fluxo_dados.v Line: 131
Info (12128): Elaborating entity "contador_m" for hierarchy "fluxo_dados:fluxo_dados|contador_m:contadorTMR" File: C:/Users/matus/Desktop/Lab Dig/LabDigI/Exp7/exp7_fluxo_dados.v Line: 141
Info (12128): Elaborating entity "mux2x1_n" for hierarchy "fluxo_dados:fluxo_dados|mux2x1_n:seletor" File: C:/Users/matus/Desktop/Lab Dig/LabDigI/Exp7/exp7_fluxo_dados.v Line: 148
Info (12128): Elaborating entity "unidade_controle" for hierarchy "unidade_controle:unidade_controle" File: C:/Users/matus/Desktop/Lab Dig/LabDigI/Exp7/jogo_desafio_memoria.v Line: 63
Warning (10034): Output port "zeraL" at exp7_unidade_controle.v(6) has no driver File: C:/Users/matus/Desktop/Lab Dig/LabDigI/Exp7/exp7_unidade_controle.v Line: 6
Info (12128): Elaborating entity "hexa7seg" for hierarchy "hexa7seg:display_contagem" File: C:/Users/matus/Desktop/Lab Dig/LabDigI/Exp7/jogo_desafio_memoria.v Line: 72
Warning (12241): 3 hierarchies have connectivity warnings - see the Connectivity Checks report folder
Warning (13024): Output pins are stuck at VCC or GND
    Warning (13410): Pin "db_igual" is stuck at GND File: C:/Users/matus/Desktop/Lab Dig/LabDigI/Exp7/jogo_desafio_memoria.v Line: 22
    Warning (13410): Pin "db_clock" is stuck at GND File: C:/Users/matus/Desktop/Lab Dig/LabDigI/Exp7/jogo_desafio_memoria.v Line: 22
    Warning (13410): Pin "db_fimseq" is stuck at GND File: C:/Users/matus/Desktop/Lab Dig/LabDigI/Exp7/jogo_desafio_memoria.v Line: 22
Info (286030): Timing-Driven Synthesis is running
Info (17049): 4 registers lost all their fanouts during netlist optimizations.
Info (16010): Generating hard_block partition "hard_block:auto_generated_inst"
    Info (16011): Adding 0 node(s), including 0 DDIO, 0 PLL, 0 transceiver and 0 LCELL
Info (21057): Implemented 184 device resources after synthesis - the final resource count might be different
    Info (21058): Implemented 7 input pins
    Info (21059): Implemented 50 output pins
    Info (21061): Implemented 127 logic cells
Info: Quartus Prime Analysis & Synthesis was successful. 0 errors, 10 warnings
    Info: Peak virtual memory: 4822 megabytes
    Info: Processing ended: Sun Feb 16 11:49:31 2025
    Info: Elapsed time: 00:00:07
    Info: Total CPU time (on all processors): 00:00:07


