Flow report for Jogo_desagfio_memoria
Sun Feb 16 11:50:00 2025
Quartus Prime Version 20.1.1 Build 720 11/11/2020 SJ Lite Edition


---------------------
; Table of Contents ;
---------------------
  1. Legal Notice
  2. Flow Summary
  3. Flow Settings
  4. Flow Non-Default Global Settings
  5. Flow Elapsed Time
  6. Flow OS Summary
  7. Flow Log
  8. Flow Messages
  9. Flow Suppressed Messages



----------------
; Legal Notice ;
----------------
Copyright (C) 2020  Intel Corporation. All rights reserved.
Your use of Intel Corporation's design tools, logic functions 
and other software and tools, and any partner logic 
functions, and any output files from any of the foregoing 
(including device programming or simulation files), and any 
associated documentation or information are expressly subject 
to the terms and conditions of the Intel Program License 
Subscription Agreement, the Intel Quartus Prime License Agreement,
the Intel FPGA IP License Agreement, or other applicable license
agreement, including, without limitation, that your use is for
the sole purpose of programming logic devices manufactured by
Intel and sold by Intel or its authorized distributors.  Please
refer to the applicable agreement for further details, at
https://fpgasoftware.intel.com/eula.



+-------------------------------------------------------------------------------+
; Flow Summary                                                                  ;
+---------------------------------+---------------------------------------------+
; Flow Status                     ; Successful - Sun Feb 16 11:49:55 2025       ;
; Quartus Prime Version           ; 20.1.1 Build 720 11/11/2020 SJ Lite Edition ;
; Revision Name                   ; Jogo_desagfio_memoria                       ;
; Top-level Entity Name           ; jogo_desafio_memoria                        ;
; Family                          ; Cyclone V                                   ;
; Device                          ; 5CEBA4F23C7                                 ;
; Timing Models                   ; Final                                       ;
; Logic utilization (in ALMs)     ; 67 / 18,480 ( < 1 % )                       ;
; Total registers                 ; 74                                          ;
; Total pins                      ; 57 / 224 ( 25 % )                           ;
; Total virtual pins              ; 0                                           ;
; Total block memory bits         ; 0 / 3,153,920 ( 0 % )                       ;
; Total DSP Blocks                ; 0 / 66 ( 0 % )                              ;
; Total HSSI RX PCSs              ; 0                                           ;
; Total HSSI PMA RX Deserializers ; 0                                           ;
; Total HSSI TX PCSs              ; 0                                           ;
; Total HSSI PMA TX Serializers   ; 0                                           ;
; Total PLLs                      ; 0 / 4 ( 0 % )                               ;
; Total DLLs                      ; 0 / 4 ( 0 % )                               ;
+---------------------------------+---------------------------------------------+


+-------------------------------------------+
; Flow Settings                             ;
+-------------------+-----------------------+
; Option            ; Setting               ;
+-------------------+-----------------------+
; Start date & time ; 02/16/2025 11:49:24   ;
; Main task         ; Compilation           ;
; Revision Name     ; Jogo_desagfio_memoria ;
+-------------------+-----------------------+


+------------------------------------------------------------------------------------------------------------------------------------------+
; Flow Non-Default Global Settings                                                                                                         ;
+-------------------------------------+----------------------------------------+-----------------------+----------------------+------------+
; Assignment Name                     ; Value                                  ; Default Value         ; Entity Name          ; Section Id ;
+-------------------------------------+----------------------------------------+-----------------------+----------------------+------------+
; COMPILER_SIGNATURE_ID               ; 2544485637131.173971736426100          ; --                    ; --                   ; --         ;
; MAX_CORE_JUNCTION_TEMP              ; 85                                     ; --                    ; --                   ; --         ;
; MIN_CORE_JUNCTION_TEMP              ; 0                                      ; --                    ; --                   ; --         ;
; PARTITION_COLOR                     ; -- (Not supported for targeted family) ; --                    ; jogo_desafio_memoria ; Top        ;
; PARTITION_FITTER_PRESERVATION_LEVEL ; -- (Not supported for targeted family) ; --                    ; jogo_desafio_memoria ; Top        ;
; PARTITION_NETLIST_TYPE              ; -- (Not supported for targeted family) ; --                    ; jogo_desafio_memoria ; Top        ;
; POWER_BOARD_THERMAL_MODEL           ; None (CONSERVATIVE)                    ; --                    ; --                   ; --         ;
; POWER_PRESET_COOLING_SOLUTION       ; 23 MM HEAT SINK WITH 200 LFPM AIRFLOW  ; --                    ; --                   ; --         ;
; PROJECT_OUTPUT_DIRECTORY            ; output_files                           ; --                    ; --                   ; --         ;
; TOP_LEVEL_ENTITY                    ; jogo_desafio_memoria                   ; Jogo_desagfio_memoria ; --                   ; --         ;
+-------------------------------------+----------------------------------------+-----------------------+----------------------+------------+


+--------------------------------------------------------------------------------------------------------------------------+
; Flow Elapsed Time                                                                                                        ;
+----------------------+--------------+-------------------------+---------------------+------------------------------------+
; Module Name          ; Elapsed Time ; Average Processors Used ; Peak Virtual Memory ; Total CPU Time (on all processors) ;
+----------------------+--------------+-------------------------+---------------------+------------------------------------+
; Analysis & Synthesis ; 00:00:07     ; 1.0                     ; 4822 MB             ; 00:00:07                           ;
; Fitter               ; 00:00:18     ; 1.0                     ; 6281 MB             ; 00:00:14                           ;
; Assembler            ; 00:00:03     ; 1.0                     ; 4829 MB             ; 00:00:02                           ;
; Timing Analyzer      ; 00:00:04     ; 1.1                     ; 5073 MB             ; 00:00:03                           ;
; Total                ; 00:00:32     ; --                      ; --                  ; 00:00:26                           ;
+----------------------+--------------+-------------------------+---------------------+------------------------------------+


+------------------------------------------------------------------------------------+
; Flow OS Summary                                                                    ;
+----------------------+------------------+------------+------------+----------------+
; Module Name          ; Machine Hostname ; OS Name    ; OS Version ; Processor type ;
+----------------------+------------------+------------+------------+----------------+
; Analysis & Synthesis ; Matusita         ; Windows 10 ; 10.0       ; x86_64         ;
; Fitter               ; Matusita         ; Windows 10 ; 10.0       ; x86_64         ;
; Assembler            ; Matusita         ; Windows 10 ; 10.0       ; x86_64         ;
; Timing Analyzer      ; Matusita         ; Windows 10 ; 10.0       ; x86_64         ;
+----------------------+------------------+------------+------------+----------------+


------------
; Flow Log ;
------------
quartus_map --read_settings_files=on --write_settings_files=off Jogo_desagfio_memoria -c Jogo_desagfio_memoria
quartus_fit --read_settings_files=off --write_settings_files=off Jogo_desagfio_memoria -c Jogo_desagfio_memoria
quartus_asm --read_settings_files=off --write_settings_files=off Jogo_desagfio_memoria -c Jogo_desagfio_memoria
quartus_sta Jogo_desagfio_memoria -c Jogo_desagfio_memoria



