#! /c/Source/iverilog-install/bin/vvp
:ivl_version "12.0 (devel)" "(s20150603-1539-g2693dd32b)";
:ivl_delay_selection "TYPICAL";
:vpi_time_precision + 0;
:vpi_module "C:\iverilog\lib\ivl\system.vpi";
:vpi_module "C:\iverilog\lib\ivl\vhdl_sys.vpi";
:vpi_module "C:\iverilog\lib\ivl\vhdl_textio.vpi";
:vpi_module "C:\iverilog\lib\ivl\v2005_math.vpi";
:vpi_module "C:\iverilog\lib\ivl\va_math.vpi";
S_0000029c644e2900 .scope module, "unidade_controle" "unidade_controle" 2 1;
 .timescale 0 0;
    .port_info 0 /INPUT 1 "clock";
    .port_info 1 /INPUT 1 "reset";
    .port_info 2 /INPUT 1 "iniciar";
    .port_info 3 /INPUT 1 "jogada";
    .port_info 4 /INPUT 1 "igual";
    .port_info 5 /INPUT 1 "timeout";
    .port_info 6 /INPUT 1 "enderecoIgualSequencia";
    .port_info 7 /INPUT 1 "fimE";
    .port_info 8 /INPUT 1 "fimS";
    .port_info 9 /INPUT 1 "fimTMR";
    .port_info 10 /OUTPUT 1 "zeraR";
    .port_info 11 /OUTPUT 1 "zeraE";
    .port_info 12 /OUTPUT 1 "zeraS";
    .port_info 13 /OUTPUT 1 "zeraM";
    .port_info 14 /OUTPUT 1 "zeraTMR";
    .port_info 15 /OUTPUT 1 "zeraL";
    .port_info 16 /OUTPUT 1 "registraR";
    .port_info 17 /OUTPUT 1 "registraM";
    .port_info 18 /OUTPUT 1 "contaE";
    .port_info 19 /OUTPUT 1 "contaS";
    .port_info 20 /OUTPUT 1 "contaTMR";
    .port_info 21 /OUTPUT 1 "acertou";
    .port_info 22 /OUTPUT 1 "errou";
    .port_info 23 /OUTPUT 1 "pronto";
    .port_info 24 /OUTPUT 4 "db_estado";
P_0000029c6450e890 .param/l "ACERTO" 0 2 35, +C4<00000000000000000000000000001111>;
P_0000029c6450e8c8 .param/l "CARREGA_DADOS" 0 2 22, +C4<00000000000000000000000000000100>;
P_0000029c6450e900 .param/l "COMECO_JOGADA" 0 2 28, +C4<00000000000000000000000000001001>;
P_0000029c6450e938 .param/l "COMPARA_JOGADA" 0 2 31, +C4<00000000000000000000000000001100>;
P_0000029c6450e970 .param/l "ERRO" 0 2 34, +C4<00000000000000000000000000001110>;
P_0000029c6450e9a8 .param/l "ESPERA_JOGADA" 0 2 29, +C4<00000000000000000000000000001010>;
P_0000029c6450e9e0 .param/l "INICIAL" 0 2 16, +C4<00000000000000000000000000000000>;
P_0000029c6450ea18 .param/l "INICIA_SEQUENCIA" 0 2 18, +C4<00000000000000000000000000000001>;
P_0000029c6450ea50 .param/l "MOSTRA_APAGADO" 0 2 25, +C4<00000000000000000000000000000111>;
P_0000029c6450ea88 .param/l "MOSTRA_DADOS" 0 2 23, +C4<00000000000000000000000000000101>;
P_0000029c6450eac0 .param/l "PROXIMA_JOGADA" 0 2 32, +C4<00000000000000000000000000001101>;
P_0000029c6450eaf8 .param/l "PROXIMA_POSICAO" 0 2 26, +C4<00000000000000000000000000001000>;
P_0000029c6450eb30 .param/l "PROXIMA_SEQUENCIA" 0 2 19, +C4<00000000000000000000000000000010>;
P_0000029c6450eb68 .param/l "REGISTRA_JOGADA" 0 2 30, +C4<00000000000000000000000000001011>;
P_0000029c6450eba0 .param/l "ULTIMA_SEQUENCIA" 0 2 20, +C4<00000000000000000000000000000011>;
P_0000029c6450ebd8 .param/l "ZERA_LEDS" 0 2 24, +C4<00000000000000000000000000000110>;
v0000029c644e2e70_0 .var "Eatual", 3 0;
v0000029c64513c90_0 .var "Eprox", 3 0;
v0000029c64513d30_0 .var "acertou", 0 0;
o0000029c6452a068 .functor BUFZ 1, C4<z>; HiZ drive
v0000029c64513dd0_0 .net "clock", 0 0, o0000029c6452a068;  0 drivers
v0000029c64513e70_0 .var "contaE", 0 0;
v0000029c64513f10_0 .var "contaS", 0 0;
v0000029c64513fb0_0 .var "contaTMR", 0 0;
v0000029c64514050_0 .var "db_estado", 3 0;
o0000029c6452a158 .functor BUFZ 1, C4<z>; HiZ drive
v0000029c645140f0_0 .net "enderecoIgualSequencia", 0 0, o0000029c6452a158;  0 drivers
v0000029c64514190_0 .var "errou", 0 0;
o0000029c6452a1b8 .functor BUFZ 1, C4<z>; HiZ drive
v0000029c64514230_0 .net "fimE", 0 0, o0000029c6452a1b8;  0 drivers
o0000029c6452a1e8 .functor BUFZ 1, C4<z>; HiZ drive
v0000029c645142d0_0 .net "fimS", 0 0, o0000029c6452a1e8;  0 drivers
o0000029c6452a218 .functor BUFZ 1, C4<z>; HiZ drive
v0000029c64514370_0 .net "fimTMR", 0 0, o0000029c6452a218;  0 drivers
o0000029c6452a248 .functor BUFZ 1, C4<z>; HiZ drive
v0000029c6457d110_0 .net "igual", 0 0, o0000029c6452a248;  0 drivers
o0000029c6452a278 .functor BUFZ 1, C4<z>; HiZ drive
v0000029c6457d1b0_0 .net "iniciar", 0 0, o0000029c6452a278;  0 drivers
o0000029c6452a2a8 .functor BUFZ 1, C4<z>; HiZ drive
v0000029c6457d570_0 .net "jogada", 0 0, o0000029c6452a2a8;  0 drivers
v0000029c6457dbb0_0 .var "pronto", 0 0;
v0000029c6457d070_0 .var "registraM", 0 0;
v0000029c6457d250_0 .var "registraR", 0 0;
o0000029c6452a368 .functor BUFZ 1, C4<z>; HiZ drive
v0000029c6457d430_0 .net "reset", 0 0, o0000029c6452a368;  0 drivers
o0000029c6452a398 .functor BUFZ 1, C4<z>; HiZ drive
v0000029c6457d750_0 .net "timeout", 0 0, o0000029c6452a398;  0 drivers
v0000029c6457cf30_0 .var "zeraE", 0 0;
v0000029c6457d2f0_0 .var "zeraL", 0 0;
v0000029c6457d7f0_0 .var "zeraM", 0 0;
v0000029c6457ccb0_0 .var "zeraR", 0 0;
v0000029c6457cfd0_0 .var "zeraS", 0 0;
v0000029c6457d610_0 .var "zeraTMR", 0 0;
E_0000029c6450e1c0 .event anyedge, v0000029c644e2e70_0;
E_0000029c6450e340/0 .event anyedge, v0000029c644e2e70_0, v0000029c6457d1b0_0, v0000029c645142d0_0, v0000029c64514370_0;
E_0000029c6450e340/1 .event anyedge, v0000029c645140f0_0, v0000029c6457d570_0, v0000029c6457d750_0, v0000029c6457d110_0;
E_0000029c6450e340 .event/or E_0000029c6450e340/0, E_0000029c6450e340/1;
E_0000029c6450df80 .event posedge, v0000029c6457d430_0, v0000029c64513dd0_0;
    .scope S_0000029c644e2900;
T_0 ;
    %wait E_0000029c6450df80;
    %load/vec4 v0000029c6457d430_0;
    %flag_set/vec4 8;
    %jmp/0xz  T_0.0, 8;
    %pushi/vec4 0, 0, 4;
    %assign/vec4 v0000029c644e2e70_0, 0;
    %jmp T_0.1;
T_0.0 ;
    %load/vec4 v0000029c64513c90_0;
    %assign/vec4 v0000029c644e2e70_0, 0;
T_0.1 ;
    %jmp T_0;
    .thread T_0;
    .scope S_0000029c644e2900;
T_1 ;
    %wait E_0000029c6450e340;
    %load/vec4 v0000029c644e2e70_0;
    %dup/vec4;
    %pushi/vec4 0, 0, 4;
    %cmp/u;
    %jmp/1 T_1.0, 6;
    %dup/vec4;
    %pushi/vec4 1, 0, 4;
    %cmp/u;
    %jmp/1 T_1.1, 6;
    %dup/vec4;
    %pushi/vec4 2, 0, 4;
    %cmp/u;
    %jmp/1 T_1.2, 6;
    %dup/vec4;
    %pushi/vec4 3, 0, 4;
    %cmp/u;
    %jmp/1 T_1.3, 6;
    %dup/vec4;
    %pushi/vec4 4, 0, 4;
    %cmp/u;
    %jmp/1 T_1.4, 6;
    %dup/vec4;
    %pushi/vec4 5, 0, 4;
    %cmp/u;
    %jmp/1 T_1.5, 6;
    %dup/vec4;
    %pushi/vec4 6, 0, 4;
    %cmp/u;
    %jmp/1 T_1.6, 6;
    %dup/vec4;
    %pushi/vec4 7, 0, 4;
    %cmp/u;
    %jmp/1 T_1.7, 6;
    %dup/vec4;
    %pushi/vec4 8, 0, 4;
    %cmp/u;
    %jmp/1 T_1.8, 6;
    %dup/vec4;
    %pushi/vec4 9, 0, 4;
    %cmp/u;
    %jmp/1 T_1.9, 6;
    %dup/vec4;
    %pushi/vec4 10, 0, 4;
    %cmp/u;
    %jmp/1 T_1.10, 6;
    %dup/vec4;
    %pushi/vec4 11, 0, 4;
    %cmp/u;
    %jmp/1 T_1.11, 6;
    %dup/vec4;
    %pushi/vec4 12, 0, 4;
    %cmp/u;
    %jmp/1 T_1.12, 6;
    %dup/vec4;
    %pushi/vec4 13, 0, 4;
    %cmp/u;
    %jmp/1 T_1.13, 6;
    %dup/vec4;
    %pushi/vec4 15, 0, 4;
    %cmp/u;
    %jmp/1 T_1.14, 6;
    %dup/vec4;
    %pushi/vec4 14, 0, 4;
    %cmp/u;
    %jmp/1 T_1.15, 6;
    %pushi/vec4 0, 0, 4;
    %store/vec4 v0000029c64513c90_0, 0, 4;
    %jmp T_1.17;
T_1.0 ;
    %load/vec4 v0000029c6457d1b0_0;
    %flag_set/vec4 8;
    %jmp/0 T_1.18, 8;
    %pushi/vec4 1, 0, 32;
    %jmp/1 T_1.19, 8;
T_1.18 ; End of true expr.
    %pushi/vec4 0, 0, 32;
    %jmp/0 T_1.19, 8;
 ; End of false expr.
    %blend;
T_1.19;
    %pad/s 4;
    %store/vec4 v0000029c64513c90_0, 0, 4;
    %jmp T_1.17;
T_1.1 ;
    %pushi/vec4 4, 0, 4;
    %store/vec4 v0000029c64513c90_0, 0, 4;
    %jmp T_1.17;
T_1.2 ;
    %pushi/vec4 4, 0, 4;
    %store/vec4 v0000029c64513c90_0, 0, 4;
    %jmp T_1.17;
T_1.3 ;
    %load/vec4 v0000029c645142d0_0;
    %flag_set/vec4 8;
    %jmp/0 T_1.20, 8;
    %pushi/vec4 15, 0, 32;
    %jmp/1 T_1.21, 8;
T_1.20 ; End of true expr.
    %pushi/vec4 2, 0, 32;
    %jmp/0 T_1.21, 8;
 ; End of false expr.
    %blend;
T_1.21;
    %pad/s 4;
    %store/vec4 v0000029c64513c90_0, 0, 4;
    %jmp T_1.17;
T_1.4 ;
    %pushi/vec4 5, 0, 4;
    %store/vec4 v0000029c64513c90_0, 0, 4;
    %jmp T_1.17;
T_1.5 ;
    %load/vec4 v0000029c64514370_0;
    %flag_set/vec4 8;
    %jmp/0 T_1.22, 8;
    %pushi/vec4 6, 0, 32;
    %jmp/1 T_1.23, 8;
T_1.22 ; End of true expr.
    %pushi/vec4 5, 0, 32;
    %jmp/0 T_1.23, 8;
 ; End of false expr.
    %blend;
T_1.23;
    %pad/s 4;
    %store/vec4 v0000029c64513c90_0, 0, 4;
    %jmp T_1.17;
T_1.6 ;
    %pushi/vec4 7, 0, 4;
    %store/vec4 v0000029c64513c90_0, 0, 4;
    %jmp T_1.17;
T_1.7 ;
    %load/vec4 v0000029c64514370_0;
    %flag_set/vec4 8;
    %jmp/0 T_1.24, 8;
    %load/vec4 v0000029c645140f0_0;
    %flag_set/vec4 9;
    %jmp/0 T_1.26, 9;
    %pushi/vec4 9, 0, 32;
    %jmp/1 T_1.27, 9;
T_1.26 ; End of true expr.
    %pushi/vec4 8, 0, 32;
    %jmp/0 T_1.27, 9;
 ; End of false expr.
    %blend;
T_1.27;
    %jmp/1 T_1.25, 8;
T_1.24 ; End of true expr.
    %pushi/vec4 7, 0, 32;
    %jmp/0 T_1.25, 8;
 ; End of false expr.
    %blend;
T_1.25;
    %pad/s 4;
    %store/vec4 v0000029c64513c90_0, 0, 4;
    %jmp T_1.17;
T_1.8 ;
    %pushi/vec4 4, 0, 4;
    %store/vec4 v0000029c64513c90_0, 0, 4;
    %jmp T_1.17;
T_1.9 ;
    %pushi/vec4 10, 0, 4;
    %store/vec4 v0000029c64513c90_0, 0, 4;
    %jmp T_1.17;
T_1.10 ;
    %load/vec4 v0000029c6457d570_0;
    %flag_set/vec4 8;
    %jmp/0 T_1.28, 8;
    %pushi/vec4 11, 0, 32;
    %jmp/1 T_1.29, 8;
T_1.28 ; End of true expr.
    %load/vec4 v0000029c6457d750_0;
    %flag_set/vec4 9;
    %jmp/0 T_1.30, 9;
    %pushi/vec4 14, 0, 32;
    %jmp/1 T_1.31, 9;
T_1.30 ; End of true expr.
    %pushi/vec4 10, 0, 32;
    %jmp/0 T_1.31, 9;
 ; End of false expr.
    %blend;
T_1.31;
    %jmp/0 T_1.29, 8;
 ; End of false expr.
    %blend;
T_1.29;
    %pad/s 4;
    %store/vec4 v0000029c64513c90_0, 0, 4;
    %jmp T_1.17;
T_1.11 ;
    %pushi/vec4 12, 0, 4;
    %store/vec4 v0000029c64513c90_0, 0, 4;
    %jmp T_1.17;
T_1.12 ;
    %load/vec4 v0000029c6457d110_0;
    %flag_set/vec4 8;
    %jmp/0 T_1.32, 8;
    %load/vec4 v0000029c645140f0_0;
    %flag_set/vec4 9;
    %jmp/0 T_1.34, 9;
    %pushi/vec4 3, 0, 32;
    %jmp/1 T_1.35, 9;
T_1.34 ; End of true expr.
    %pushi/vec4 13, 0, 32;
    %jmp/0 T_1.35, 9;
 ; End of false expr.
    %blend;
T_1.35;
    %jmp/1 T_1.33, 8;
T_1.32 ; End of true expr.
    %pushi/vec4 14, 0, 32;
    %jmp/0 T_1.33, 8;
 ; End of false expr.
    %blend;
T_1.33;
    %pad/s 4;
    %store/vec4 v0000029c64513c90_0, 0, 4;
    %jmp T_1.17;
T_1.13 ;
    %pushi/vec4 10, 0, 4;
    %store/vec4 v0000029c64513c90_0, 0, 4;
    %jmp T_1.17;
T_1.14 ;
    %load/vec4 v0000029c6457d1b0_0;
    %flag_set/vec4 8;
    %jmp/0 T_1.36, 8;
    %pushi/vec4 0, 0, 32;
    %jmp/1 T_1.37, 8;
T_1.36 ; End of true expr.
    %pushi/vec4 15, 0, 32;
    %jmp/0 T_1.37, 8;
 ; End of false expr.
    %blend;
T_1.37;
    %pad/s 4;
    %store/vec4 v0000029c64513c90_0, 0, 4;
    %jmp T_1.17;
T_1.15 ;
    %load/vec4 v0000029c6457d1b0_0;
    %flag_set/vec4 8;
    %jmp/0 T_1.38, 8;
    %pushi/vec4 0, 0, 32;
    %jmp/1 T_1.39, 8;
T_1.38 ; End of true expr.
    %pushi/vec4 14, 0, 32;
    %jmp/0 T_1.39, 8;
 ; End of false expr.
    %blend;
T_1.39;
    %pad/s 4;
    %store/vec4 v0000029c64513c90_0, 0, 4;
    %jmp T_1.17;
T_1.17 ;
    %pop/vec4 1;
    %load/vec4 v0000029c644e2e70_0;
    %store/vec4 v0000029c64514050_0, 0, 4;
    %jmp T_1;
    .thread T_1, $push;
    .scope S_0000029c644e2900;
T_2 ;
    %wait E_0000029c6450e1c0;
    %pushi/vec4 0, 0, 1;
    %store/vec4 v0000029c6457cf30_0, 0, 1;
    %pushi/vec4 0, 0, 1;
    %store/vec4 v0000029c64513e70_0, 0, 1;
    %pushi/vec4 0, 0, 1;
    %store/vec4 v0000029c64513f10_0, 0, 1;
    %pushi/vec4 0, 0, 1;
    %store/vec4 v0000029c6457cfd0_0, 0, 1;
    %pushi/vec4 0, 0, 1;
    %store/vec4 v0000029c6457d250_0, 0, 1;
    %pushi/vec4 0, 0, 1;
    %store/vec4 v0000029c6457ccb0_0, 0, 1;
    %pushi/vec4 0, 0, 1;
    %store/vec4 v0000029c64513d30_0, 0, 1;
    %pushi/vec4 0, 0, 1;
    %store/vec4 v0000029c64514190_0, 0, 1;
    %pushi/vec4 0, 0, 1;
    %store/vec4 v0000029c6457dbb0_0, 0, 1;
    %pushi/vec4 0, 0, 1;
    %store/vec4 v0000029c6457d070_0, 0, 1;
    %pushi/vec4 0, 0, 1;
    %store/vec4 v0000029c6457d7f0_0, 0, 1;
    %pushi/vec4 0, 0, 1;
    %store/vec4 v0000029c64513fb0_0, 0, 1;
    %pushi/vec4 0, 0, 1;
    %store/vec4 v0000029c6457d610_0, 0, 1;
    %pushi/vec4 0, 0, 1;
    %store/vec4 v0000029c6457d2f0_0, 0, 1;
    %load/vec4 v0000029c644e2e70_0;
    %dup/vec4;
    %pushi/vec4 0, 0, 4;
    %cmp/u;
    %jmp/1 T_2.0, 6;
    %dup/vec4;
    %pushi/vec4 1, 0, 4;
    %cmp/u;
    %jmp/1 T_2.1, 6;
    %dup/vec4;
    %pushi/vec4 2, 0, 4;
    %cmp/u;
    %jmp/1 T_2.2, 6;
    %dup/vec4;
    %pushi/vec4 3, 0, 4;
    %cmp/u;
    %jmp/1 T_2.3, 6;
    %dup/vec4;
    %pushi/vec4 4, 0, 4;
    %cmp/u;
    %jmp/1 T_2.4, 6;
    %dup/vec4;
    %pushi/vec4 5, 0, 4;
    %cmp/u;
    %jmp/1 T_2.5, 6;
    %dup/vec4;
    %pushi/vec4 6, 0, 4;
    %cmp/u;
    %jmp/1 T_2.6, 6;
    %dup/vec4;
    %pushi/vec4 7, 0, 4;
    %cmp/u;
    %jmp/1 T_2.7, 6;
    %dup/vec4;
    %pushi/vec4 8, 0, 4;
    %cmp/u;
    %jmp/1 T_2.8, 6;
    %dup/vec4;
    %pushi/vec4 9, 0, 4;
    %cmp/u;
    %jmp/1 T_2.9, 6;
    %dup/vec4;
    %pushi/vec4 10, 0, 4;
    %cmp/u;
    %jmp/1 T_2.10, 6;
    %dup/vec4;
    %pushi/vec4 11, 0, 4;
    %cmp/u;
    %jmp/1 T_2.11, 6;
    %dup/vec4;
    %pushi/vec4 12, 0, 4;
    %cmp/u;
    %jmp/1 T_2.12, 6;
    %dup/vec4;
    %pushi/vec4 13, 0, 4;
    %cmp/u;
    %jmp/1 T_2.13, 6;
    %dup/vec4;
    %pushi/vec4 15, 0, 4;
    %cmp/u;
    %jmp/1 T_2.14, 6;
    %dup/vec4;
    %pushi/vec4 14, 0, 4;
    %cmp/u;
    %jmp/1 T_2.15, 6;
    %jmp T_2.16;
T_2.0 ;
    %pushi/vec4 1, 0, 1;
    %store/vec4 v0000029c6457ccb0_0, 0, 1;
    %pushi/vec4 1, 0, 1;
    %store/vec4 v0000029c6457d2f0_0, 0, 1;
    %pushi/vec4 1, 0, 1;
    %store/vec4 v0000029c6457d7f0_0, 0, 1;
    %jmp T_2.16;
T_2.1 ;
    %pushi/vec4 1, 0, 1;
    %store/vec4 v0000029c6457cfd0_0, 0, 1;
    %pushi/vec4 1, 0, 1;
    %store/vec4 v0000029c6457cf30_0, 0, 1;
    %jmp T_2.16;
T_2.2 ;
    %pushi/vec4 1, 0, 1;
    %store/vec4 v0000029c64513f10_0, 0, 1;
    %pushi/vec4 1, 0, 1;
    %store/vec4 v0000029c6457cf30_0, 0, 1;
    %jmp T_2.16;
T_2.3 ;
    %jmp T_2.16;
T_2.4 ;
    %pushi/vec4 1, 0, 1;
    %store/vec4 v0000029c6457d610_0, 0, 1;
    %pushi/vec4 1, 0, 1;
    %store/vec4 v0000029c6457d070_0, 0, 1;
    %jmp T_2.16;
T_2.5 ;
    %pushi/vec4 1, 0, 1;
    %store/vec4 v0000029c64513fb0_0, 0, 1;
    %jmp T_2.16;
T_2.6 ;
    %pushi/vec4 1, 0, 1;
    %store/vec4 v0000029c6457d610_0, 0, 1;
    %pushi/vec4 1, 0, 1;
    %store/vec4 v0000029c6457d7f0_0, 0, 1;
    %jmp T_2.16;
T_2.7 ;
    %pushi/vec4 1, 0, 1;
    %store/vec4 v0000029c64513fb0_0, 0, 1;
    %jmp T_2.16;
T_2.8 ;
    %pushi/vec4 1, 0, 1;
    %store/vec4 v0000029c64513e70_0, 0, 1;
    %jmp T_2.16;
T_2.9 ;
    %pushi/vec4 1, 0, 1;
    %store/vec4 v0000029c6457cf30_0, 0, 1;
    %jmp T_2.16;
T_2.10 ;
    %jmp T_2.16;
T_2.11 ;
    %pushi/vec4 1, 0, 1;
    %store/vec4 v0000029c6457d250_0, 0, 1;
    %jmp T_2.16;
T_2.12 ;
    %jmp T_2.16;
T_2.13 ;
    %pushi/vec4 1, 0, 1;
    %store/vec4 v0000029c64513e70_0, 0, 1;
    %jmp T_2.16;
T_2.14 ;
    %pushi/vec4 1, 0, 1;
    %store/vec4 v0000029c64513d30_0, 0, 1;
    %pushi/vec4 1, 0, 1;
    %store/vec4 v0000029c6457dbb0_0, 0, 1;
    %jmp T_2.16;
T_2.15 ;
    %pushi/vec4 1, 0, 1;
    %store/vec4 v0000029c64514190_0, 0, 1;
    %pushi/vec4 1, 0, 1;
    %store/vec4 v0000029c6457dbb0_0, 0, 1;
    %jmp T_2.16;
T_2.16 ;
    %pop/vec4 1;
    %jmp T_2;
    .thread T_2, $push;
# The file index is used to find the file name in the following table.
:file_names 3;
    "N/A";
    "<interactive>";
    ".\exp6_unidade_controle.v";
