#! /c/Source/iverilog-install/bin/vvp
:ivl_version "12.0 (devel)" "(s20150603-1539-g2693dd32b)";
:ivl_delay_selection "TYPICAL";
:vpi_time_precision + 0;
:vpi_module "C:\iverilog\lib\ivl\system.vpi";
:vpi_module "C:\iverilog\lib\ivl\vhdl_sys.vpi";
:vpi_module "C:\iverilog\lib\ivl\vhdl_textio.vpi";
:vpi_module "C:\iverilog\lib\ivl\v2005_math.vpi";
:vpi_module "C:\iverilog\lib\ivl\va_math.vpi";
S_00000188dacf27f0 .scope module, "comparador_jog" "comparador_jog" 2 16;
 .timescale 0 0;
    .port_info 0 /INPUT 8 "A";
    .port_info 1 /INPUT 4 "B";
    .port_info 2 /OUTPUT 1 "acerto";
L_00000188dad19d80 .functor NOT 2, L_00000188dad732c0, C4<00>, C4<00>, C4<00>;
L_00000188dacf3160 .functor AND 1, L_00000188dad73d60, L_00000188dad720a0, C4<1>, C4<1>;
L_00000188dacf2980 .functor NOT 2, L_00000188dad73900, C4<00>, C4<00>, C4<00>;
L_00000188dacf2b20 .functor AND 1, L_00000188dad739a0, L_00000188dad72500, C4<1>, C4<1>;
L_00000188dacf2b90 .functor NOT 2, L_00000188dad73860, C4<00>, C4<00>, C4<00>;
L_00000188dacf2c00 .functor AND 1, L_00000188dad72280, L_00000188dad73c20, C4<1>, C4<1>;
L_00000188dad24640 .functor NOT 2, L_00000188dad735e0, C4<00>, C4<00>, C4<00>;
L_00000188dad24720 .functor AND 1, L_00000188dad72640, L_00000188dad73a40, C4<1>, C4<1>;
o00000188dad26f98 .functor BUFZ 8, C4<zzzzzzzz>; HiZ drive
v00000188dad15bb0_0 .net "A", 7 0, o00000188dad26f98;  0 drivers
o00000188dad26fc8 .functor BUFZ 4, C4<zzzz>; HiZ drive
v00000188dad15ed0_0 .net "B", 3 0, o00000188dad26fc8;  0 drivers
v00000188dad156b0_0 .net "CS1", 0 0, L_00000188dacf3160;  1 drivers
v00000188dad15a70_0 .net "CS2", 0 0, L_00000188dacf2b20;  1 drivers
v00000188dad159d0_0 .net "CS3", 0 0, L_00000188dacf2c00;  1 drivers
v00000188dad15610_0 .net "CS4", 0 0, L_00000188dad24720;  1 drivers
v00000188dad15750_0 .net *"_ivl_1", 1 0, L_00000188dad732c0;  1 drivers
v00000188dad15e30_0 .net *"_ivl_13", 1 0, L_00000188dad73900;  1 drivers
v00000188dad157f0_0 .net *"_ivl_14", 1 0, L_00000188dacf2980;  1 drivers
L_00000188dad740b0 .functor BUFT 1, C4<00>, C4<0>, C4<0>, C4<0>;
v00000188dad152f0_0 .net/2u *"_ivl_16", 1 0, L_00000188dad740b0;  1 drivers
v00000188dad16150_0 .net *"_ivl_18", 0 0, L_00000188dad739a0;  1 drivers
v00000188dad15430_0 .net *"_ivl_2", 1 0, L_00000188dad19d80;  1 drivers
v00000188dad15b10_0 .net *"_ivl_21", 0 0, L_00000188dad72500;  1 drivers
v00000188dad15c50_0 .net *"_ivl_25", 1 0, L_00000188dad73860;  1 drivers
v00000188dad15890_0 .net *"_ivl_26", 1 0, L_00000188dacf2b90;  1 drivers
L_00000188dad740f8 .functor BUFT 1, C4<00>, C4<0>, C4<0>, C4<0>;
v00000188dad15cf0_0 .net/2u *"_ivl_28", 1 0, L_00000188dad740f8;  1 drivers
v00000188dad15f70_0 .net *"_ivl_30", 0 0, L_00000188dad72280;  1 drivers
v00000188dad15d90_0 .net *"_ivl_33", 0 0, L_00000188dad73c20;  1 drivers
v00000188dad16010_0 .net *"_ivl_37", 1 0, L_00000188dad735e0;  1 drivers
v00000188dad160b0_0 .net *"_ivl_38", 1 0, L_00000188dad24640;  1 drivers
L_00000188dad74068 .functor BUFT 1, C4<00>, C4<0>, C4<0>, C4<0>;
v00000188dad154d0_0 .net/2u *"_ivl_4", 1 0, L_00000188dad74068;  1 drivers
L_00000188dad74140 .functor BUFT 1, C4<00>, C4<0>, C4<0>, C4<0>;
v00000188dad15570_0 .net/2u *"_ivl_40", 1 0, L_00000188dad74140;  1 drivers
v00000188dad721e0_0 .net *"_ivl_42", 0 0, L_00000188dad72640;  1 drivers
v00000188dad72960_0 .net *"_ivl_45", 0 0, L_00000188dad73a40;  1 drivers
v00000188dad73680_0 .net *"_ivl_48", 0 0, L_00000188dad725a0;  1 drivers
v00000188dad72780_0 .net *"_ivl_50", 0 0, L_00000188dad72320;  1 drivers
v00000188dad72b40_0 .net *"_ivl_6", 0 0, L_00000188dad73d60;  1 drivers
v00000188dad73220_0 .net *"_ivl_9", 0 0, L_00000188dad720a0;  1 drivers
v00000188dad72140_0 .net "acerto", 0 0, L_00000188dad723c0;  1 drivers
L_00000188dad732c0 .part o00000188dad26f98, 6, 2;
L_00000188dad73d60 .cmp/ne 2, L_00000188dad19d80, L_00000188dad74068;
L_00000188dad720a0 .part o00000188dad26fc8, 3, 1;
L_00000188dad73900 .part o00000188dad26f98, 4, 2;
L_00000188dad739a0 .cmp/ne 2, L_00000188dacf2980, L_00000188dad740b0;
L_00000188dad72500 .part o00000188dad26fc8, 2, 1;
L_00000188dad73860 .part o00000188dad26f98, 2, 2;
L_00000188dad72280 .cmp/ne 2, L_00000188dacf2b90, L_00000188dad740f8;
L_00000188dad73c20 .part o00000188dad26fc8, 1, 1;
L_00000188dad735e0 .part o00000188dad26f98, 0, 2;
L_00000188dad72640 .cmp/ne 2, L_00000188dad24640, L_00000188dad74140;
L_00000188dad73a40 .part o00000188dad26fc8, 0, 1;
L_00000188dad725a0 .arith/sum 1, L_00000188dacf3160, L_00000188dacf2b20;
L_00000188dad72320 .arith/sum 1, L_00000188dad725a0, L_00000188dacf2c00;
L_00000188dad723c0 .arith/sum 1, L_00000188dad72320, L_00000188dad24720;
# The file index is used to find the file name in the following table.
:file_names 3;
    "N/A";
    "<interactive>";
    ".\comparador_jog.v";
