Analysis & Elaboration report for Jogo_desagfio_memoria
Mon Feb 17 11:38:49 2025
Quartus Prime Version 20.1.1 Build 720 11/11/2020 SJ Lite Edition


---------------------
; Table of Contents ;
---------------------
  1. Legal Notice
  2. Analysis & Elaboration Summary
  3. Parallel Compilation
  4. Parameter Settings for User Entity Instance: fluxo_dados:fluxo_dados|contador_m:contador_timeout
  5. Parameter Settings for User Entity Instance: fluxo_dados:fluxo_dados|contador_m:contadorTMR
  6. Parameter Settings for User Entity Instance: fluxo_dados:fluxo_dados|mux2x1_n:seletor
  7. Parameter Settings for User Entity Instance: unidade_controle:unidade_controle
  8. Analysis & Elaboration Settings
  9. Port Connectivity Checks: "unidade_controle:unidade_controle"
 10. Port Connectivity Checks: "fluxo_dados:fluxo_dados|contador_m:contadorTMR"
 11. Port Connectivity Checks: "fluxo_dados:fluxo_dados|contador_m:contador_timeout"
 12. Port Connectivity Checks: "fluxo_dados:fluxo_dados|comparador_85:ComparadorSeq"
 13. Port Connectivity Checks: "fluxo_dados:fluxo_dados|comparador_85:ComparadorJogada"
 14. Port Connectivity Checks: "fluxo_dados:fluxo_dados|contador_163:ContEnd"
 15. Port Connectivity Checks: "fluxo_dados:fluxo_dados|contador_163:ContSeq"
 16. Port Connectivity Checks: "fluxo_dados:fluxo_dados"
 17. Analysis & Elaboration Messages



----------------
; Legal Notice ;
----------------
Copyright (C) 2020  Intel Corporation. All rights reserved.
Your use of Intel Corporation's design tools, logic functions 
and other software and tools, and any partner logic 
functions, and any output files from any of the foregoing 
(including device programming or simulation files), and any 
associated documentation or information are expressly subject 
to the terms and conditions of the Intel Program License 
Subscription Agreement, the Intel Quartus Prime License Agreement,
the Intel FPGA IP License Agreement, or other applicable license
agreement, including, without limitation, that your use is for
the sole purpose of programming logic devices manufactured by
Intel and sold by Intel or its authorized distributors.  Please
refer to the applicable agreement for further details, at
https://fpgasoftware.intel.com/eula.



+-----------------------------------------------------------------------------+
; Analysis & Elaboration Summary                                              ;
+-------------------------------+---------------------------------------------+
; Analysis & Elaboration Status ; Successful - Mon Feb 17 11:38:49 2025       ;
; Quartus Prime Version         ; 20.1.1 Build 720 11/11/2020 SJ Lite Edition ;
; Revision Name                 ; Jogo_desagfio_memoria                       ;
; Top-level Entity Name         ; jogo_desafio_memoria                        ;
; Family                        ; Cyclone V                                   ;
; Logic utilization (in ALMs)   ; N/A until Partition Merge                   ;
; Total registers               ; N/A until Partition Merge                   ;
; Total pins                    ; N/A until Partition Merge                   ;
; Total virtual pins            ; N/A until Partition Merge                   ;
; Total block memory bits       ; N/A until Partition Merge                   ;
; Total PLLs                    ; N/A until Partition Merge                   ;
; Total DLLs                    ; N/A until Partition Merge                   ;
+-------------------------------+---------------------------------------------+


+------------------------------------------+
; Parallel Compilation                     ;
+----------------------------+-------------+
; Processors                 ; Number      ;
+----------------------------+-------------+
; Number detected on machine ; 8           ;
; Maximum allowed            ; 4           ;
;                            ;             ;
; Average used               ; 1.00        ;
; Maximum used               ; 1           ;
;                            ;             ;
; Usage by Processor         ; % Time Used ;
;     Processor 1            ; 100.0%      ;
+----------------------------+-------------+


+--------------------------------------------------------------------------------------------------+
; Parameter Settings for User Entity Instance: fluxo_dados:fluxo_dados|contador_m:contador_timeout ;
+----------------+-------+-------------------------------------------------------------------------+
; Parameter Name ; Value ; Type                                                                    ;
+----------------+-------+-------------------------------------------------------------------------+
; M              ; 5000  ; Signed Integer                                                          ;
; N              ; 13    ; Signed Integer                                                          ;
+----------------+-------+-------------------------------------------------------------------------+
Note: In order to hide this table in the UI and the text report file, please set the "Show Parameter Settings in Synthesis Report" option in "Analysis and Synthesis Settings -> More Settings" to "Off".


+---------------------------------------------------------------------------------------------+
; Parameter Settings for User Entity Instance: fluxo_dados:fluxo_dados|contador_m:contadorTMR ;
+----------------+-------+--------------------------------------------------------------------+
; Parameter Name ; Value ; Type                                                               ;
+----------------+-------+--------------------------------------------------------------------+
; M              ; 500   ; Signed Integer                                                     ;
; N              ; 10    ; Signed Integer                                                     ;
+----------------+-------+--------------------------------------------------------------------+
Note: In order to hide this table in the UI and the text report file, please set the "Show Parameter Settings in Synthesis Report" option in "Analysis and Synthesis Settings -> More Settings" to "Off".


+---------------------------------------------------------------------------------------+
; Parameter Settings for User Entity Instance: fluxo_dados:fluxo_dados|mux2x1_n:seletor ;
+----------------+-------+--------------------------------------------------------------+
; Parameter Name ; Value ; Type                                                         ;
+----------------+-------+--------------------------------------------------------------+
; BITS           ; 4     ; Signed Integer                                               ;
+----------------+-------+--------------------------------------------------------------+
Note: In order to hide this table in the UI and the text report file, please set the "Show Parameter Settings in Synthesis Report" option in "Analysis and Synthesis Settings -> More Settings" to "Off".


+--------------------------------------------------------------------------------+
; Parameter Settings for User Entity Instance: unidade_controle:unidade_controle ;
+-------------------+-------+----------------------------------------------------+
; Parameter Name    ; Value ; Type                                               ;
+-------------------+-------+----------------------------------------------------+
; INICIAL           ; 0     ; Signed Integer                                     ;
; INICIA_SEQUENCIA  ; 1     ; Signed Integer                                     ;
; PROXIMA_SEQUENCIA ; 2     ; Signed Integer                                     ;
; ULTIMA_SEQUENCIA  ; 3     ; Signed Integer                                     ;
; CARREGA_DADOS     ; 4     ; Signed Integer                                     ;
; MOSTRA_DADOS      ; 5     ; Signed Integer                                     ;
; ZERA_LEDS         ; 6     ; Signed Integer                                     ;
; MOSTRA_APAGADO    ; 7     ; Signed Integer                                     ;
; PROXIMA_POSICAO   ; 8     ; Signed Integer                                     ;
; COMECO_JOGADA     ; 9     ; Signed Integer                                     ;
; ESPERA_JOGADA     ; 10    ; Signed Integer                                     ;
; REGISTRA_JOGADA   ; 11    ; Signed Integer                                     ;
; COMPARA_JOGADA    ; 12    ; Signed Integer                                     ;
; PROXIMA_JOGADA    ; 13    ; Signed Integer                                     ;
; ERRO              ; 14    ; Signed Integer                                     ;
; ACERTO            ; 15    ; Signed Integer                                     ;
+-------------------+-------+----------------------------------------------------+
Note: In order to hide this table in the UI and the text report file, please set the "Show Parameter Settings in Synthesis Report" option in "Analysis and Synthesis Settings -> More Settings" to "Off".


+--------------------------------------------------------------------------------------------------------------------------------+
; Analysis & Elaboration Settings                                                                                                ;
+---------------------------------------------------------------------------------+----------------------+-----------------------+
; Option                                                                          ; Setting              ; Default Value         ;
+---------------------------------------------------------------------------------+----------------------+-----------------------+
; Device                                                                          ; 5CEBA4F23C7          ;                       ;
; Top-level entity name                                                           ; jogo_desafio_memoria ; Jogo_desagfio_memoria ;
; Family name                                                                     ; Cyclone V            ; Cyclone V             ;
; Use smart compilation                                                           ; Off                  ; Off                   ;
; Enable parallel Assembler and Timing Analyzer during compilation                ; On                   ; On                    ;
; Enable compact report table                                                     ; Off                  ; Off                   ;
; Restructure Multiplexers                                                        ; Auto                 ; Auto                  ;
; MLAB Add Timing Constraints For Mixed-Port Feed-Through Mode Setting Don't Care ; Off                  ; Off                   ;
; Create Debugging Nodes for IP Cores                                             ; Off                  ; Off                   ;
; Preserve fewer node names                                                       ; On                   ; On                    ;
; Intel FPGA IP Evaluation Mode                                                   ; Enable               ; Enable                ;
; Verilog Version                                                                 ; Verilog_2001         ; Verilog_2001          ;
; VHDL Version                                                                    ; VHDL_1993            ; VHDL_1993             ;
; State Machine Processing                                                        ; Auto                 ; Auto                  ;
; Safe State Machine                                                              ; Off                  ; Off                   ;
; Extract Verilog State Machines                                                  ; On                   ; On                    ;
; Extract VHDL State Machines                                                     ; On                   ; On                    ;
; Ignore Verilog initial constructs                                               ; Off                  ; Off                   ;
; Iteration limit for constant Verilog loops                                      ; 5000                 ; 5000                  ;
; Iteration limit for non-constant Verilog loops                                  ; 250                  ; 250                   ;
; Add Pass-Through Logic to Inferred RAMs                                         ; On                   ; On                    ;
; Infer RAMs from Raw Logic                                                       ; On                   ; On                    ;
; Parallel Synthesis                                                              ; On                   ; On                    ;
; DSP Block Balancing                                                             ; Auto                 ; Auto                  ;
; NOT Gate Push-Back                                                              ; On                   ; On                    ;
; Power-Up Don't Care                                                             ; On                   ; On                    ;
; Remove Redundant Logic Cells                                                    ; Off                  ; Off                   ;
; Remove Duplicate Registers                                                      ; On                   ; On                    ;
; Ignore CARRY Buffers                                                            ; Off                  ; Off                   ;
; Ignore CASCADE Buffers                                                          ; Off                  ; Off                   ;
; Ignore GLOBAL Buffers                                                           ; Off                  ; Off                   ;
; Ignore ROW GLOBAL Buffers                                                       ; Off                  ; Off                   ;
; Ignore LCELL Buffers                                                            ; Off                  ; Off                   ;
; Ignore SOFT Buffers                                                             ; On                   ; On                    ;
; Limit AHDL Integers to 32 Bits                                                  ; Off                  ; Off                   ;
; Optimization Technique                                                          ; Balanced             ; Balanced              ;
; Carry Chain Length                                                              ; 70                   ; 70                    ;
; Auto Carry Chains                                                               ; On                   ; On                    ;
; Auto Open-Drain Pins                                                            ; On                   ; On                    ;
; Perform WYSIWYG Primitive Resynthesis                                           ; Off                  ; Off                   ;
; Auto ROM Replacement                                                            ; On                   ; On                    ;
; Auto RAM Replacement                                                            ; On                   ; On                    ;
; Auto DSP Block Replacement                                                      ; On                   ; On                    ;
; Auto Shift Register Replacement                                                 ; Auto                 ; Auto                  ;
; Allow Shift Register Merging across Hierarchies                                 ; Auto                 ; Auto                  ;
; Auto Clock Enable Replacement                                                   ; On                   ; On                    ;
; Strict RAM Replacement                                                          ; Off                  ; Off                   ;
; Allow Synchronous Control Signals                                               ; On                   ; On                    ;
; Force Use of Synchronous Clear Signals                                          ; Off                  ; Off                   ;
; Auto Resource Sharing                                                           ; Off                  ; Off                   ;
; Allow Any RAM Size For Recognition                                              ; Off                  ; Off                   ;
; Allow Any ROM Size For Recognition                                              ; Off                  ; Off                   ;
; Allow Any Shift Register Size For Recognition                                   ; Off                  ; Off                   ;
; Use LogicLock Constraints during Resource Balancing                             ; On                   ; On                    ;
; Ignore translate_off and synthesis_off directives                               ; Off                  ; Off                   ;
; Timing-Driven Synthesis                                                         ; On                   ; On                    ;
; Report Parameter Settings                                                       ; On                   ; On                    ;
; Report Source Assignments                                                       ; On                   ; On                    ;
; Report Connectivity Checks                                                      ; On                   ; On                    ;
; Ignore Maximum Fan-Out Assignments                                              ; Off                  ; Off                   ;
; Synchronization Register Chain Length                                           ; 3                    ; 3                     ;
; Power Optimization During Synthesis                                             ; Normal compilation   ; Normal compilation    ;
; HDL message level                                                               ; Level2               ; Level2                ;
; Suppress Register Optimization Related Messages                                 ; Off                  ; Off                   ;
; Number of Removed Registers Reported in Synthesis Report                        ; 5000                 ; 5000                  ;
; Number of Swept Nodes Reported in Synthesis Report                              ; 5000                 ; 5000                  ;
; Number of Inverted Registers Reported in Synthesis Report                       ; 100                  ; 100                   ;
; Clock MUX Protection                                                            ; On                   ; On                    ;
; Auto Gated Clock Conversion                                                     ; Off                  ; Off                   ;
; Block Design Naming                                                             ; Auto                 ; Auto                  ;
; SDC constraint protection                                                       ; Off                  ; Off                   ;
; Synthesis Effort                                                                ; Auto                 ; Auto                  ;
; Shift Register Replacement - Allow Asynchronous Clear Signal                    ; On                   ; On                    ;
; Pre-Mapping Resynthesis Optimization                                            ; Off                  ; Off                   ;
; Analysis & Synthesis Message Level                                              ; Medium               ; Medium                ;
; Disable Register Merging Across Hierarchies                                     ; Auto                 ; Auto                  ;
; Resource Aware Inference For Block RAM                                          ; On                   ; On                    ;
; Automatic Parallel Synthesis                                                    ; On                   ; On                    ;
; Partial Reconfiguration Bitstream ID                                            ; Off                  ; Off                   ;
+---------------------------------------------------------------------------------+----------------------+-----------------------+


+--------------------------------------------------------------------------------------------------------------------------------------+
; Port Connectivity Checks: "unidade_controle:unidade_controle"                                                                        ;
+-------+--------+----------+----------------------------------------------------------------------------------------------------------+
; Port  ; Type   ; Severity ; Details                                                                                                  ;
+-------+--------+----------+----------------------------------------------------------------------------------------------------------+
; zeraL ; Output ; Warning  ; Declared by entity but not connected by instance. Logic that only feeds a dangling port will be removed. ;
+-------+--------+----------+----------------------------------------------------------------------------------------------------------+


+----------------------------------------------------------------------------+
; Port Connectivity Checks: "fluxo_dados:fluxo_dados|contador_m:contadorTMR" ;
+---------+--------+----------+----------------------------------------------+
; Port    ; Type   ; Severity ; Details                                      ;
+---------+--------+----------+----------------------------------------------+
; zera_as ; Input  ; Info     ; Explicitly unconnected                       ;
; Q       ; Output ; Info     ; Explicitly unconnected                       ;
; meio    ; Output ; Info     ; Explicitly unconnected                       ;
+---------+--------+----------+----------------------------------------------+


+---------------------------------------------------------------------------------+
; Port Connectivity Checks: "fluxo_dados:fluxo_dados|contador_m:contador_timeout" ;
+---------+--------+----------+---------------------------------------------------+
; Port    ; Type   ; Severity ; Details                                           ;
+---------+--------+----------+---------------------------------------------------+
; zera_as ; Input  ; Info     ; Explicitly unconnected                            ;
; Q       ; Output ; Info     ; Explicitly unconnected                            ;
; meio    ; Output ; Info     ; Explicitly unconnected                            ;
+---------+--------+----------+---------------------------------------------------+


+---------------------------------------------------------------------------------+
; Port Connectivity Checks: "fluxo_dados:fluxo_dados|comparador_85:ComparadorSeq" ;
+------+--------+----------+------------------------------------------------------+
; Port ; Type   ; Severity ; Details                                              ;
+------+--------+----------+------------------------------------------------------+
; AEBi ; Input  ; Info     ; Stuck at VCC                                         ;
; AGBi ; Input  ; Info     ; Stuck at GND                                         ;
; ALBi ; Input  ; Info     ; Stuck at GND                                         ;
; ALBo ; Output ; Info     ; Explicitly unconnected                               ;
+------+--------+----------+------------------------------------------------------+


+------------------------------------------------------------------------------------+
; Port Connectivity Checks: "fluxo_dados:fluxo_dados|comparador_85:ComparadorJogada" ;
+------+--------+----------+---------------------------------------------------------+
; Port ; Type   ; Severity ; Details                                                 ;
+------+--------+----------+---------------------------------------------------------+
; AEBi ; Input  ; Info     ; Stuck at VCC                                            ;
; AGBi ; Input  ; Info     ; Stuck at GND                                            ;
; ALBi ; Input  ; Info     ; Stuck at GND                                            ;
; ALBo ; Output ; Info     ; Explicitly unconnected                                  ;
; AGBo ; Output ; Info     ; Explicitly unconnected                                  ;
+------+--------+----------+---------------------------------------------------------+


+-------------------------------------------------------------------------------------------------------------------------------------------------------------------------------------------------------------+
; Port Connectivity Checks: "fluxo_dados:fluxo_dados|contador_163:ContEnd"                                                                                                                                    ;
+-------+-------+----------+----------------------------------------------------------------------------------------------------------------------------------------------------------------------------------+
; Port  ; Type  ; Severity ; Details                                                                                                                                                                          ;
+-------+-------+----------+----------------------------------------------------------------------------------------------------------------------------------------------------------------------------------+
; ld    ; Input ; Info     ; Stuck at VCC                                                                                                                                                                     ;
; ent   ; Input ; Info     ; Stuck at VCC                                                                                                                                                                     ;
; D     ; Input ; Warning  ; Input port expression (4 bits) is wider than the input port (1 bits) it drives.  The 3 most-significant bit(s) in the expression will be dangling if they have no other fanouts. ;
; D[-1] ; Input ; Info     ; Stuck at GND                                                                                                                                                                     ;
+-------+-------+----------+----------------------------------------------------------------------------------------------------------------------------------------------------------------------------------+


+-------------------------------------------------------------------------------------------------------------------------------------------------------------------------------------------------------------+
; Port Connectivity Checks: "fluxo_dados:fluxo_dados|contador_163:ContSeq"                                                                                                                                    ;
+-------+-------+----------+----------------------------------------------------------------------------------------------------------------------------------------------------------------------------------+
; Port  ; Type  ; Severity ; Details                                                                                                                                                                          ;
+-------+-------+----------+----------------------------------------------------------------------------------------------------------------------------------------------------------------------------------+
; ld    ; Input ; Info     ; Stuck at VCC                                                                                                                                                                     ;
; ent   ; Input ; Info     ; Stuck at VCC                                                                                                                                                                     ;
; D     ; Input ; Warning  ; Input port expression (4 bits) is wider than the input port (1 bits) it drives.  The 3 most-significant bit(s) in the expression will be dangling if they have no other fanouts. ;
; D[-1] ; Input ; Info     ; Stuck at GND                                                                                                                                                                     ;
+-------+-------+----------+----------------------------------------------------------------------------------------------------------------------------------------------------------------------------------+


+----------------------------------------------------------------------------+
; Port Connectivity Checks: "fluxo_dados:fluxo_dados"                        ;
+-------------------------------+--------+----------+------------------------+
; Port                          ; Type   ; Severity ; Details                ;
+-------------------------------+--------+----------+------------------------+
; enderecoMenorOuIgualSequencia ; Output ; Info     ; Explicitly unconnected ;
+-------------------------------+--------+----------+------------------------+


+---------------------------------+
; Analysis & Elaboration Messages ;
+---------------------------------+
Info: *******************************************************************
Info: Running Quartus Prime Analysis & Elaboration
    Info: Version 20.1.1 Build 720 11/11/2020 SJ Lite Edition
    Info: Processing started: Mon Feb 17 11:38:33 2025
Info: Command: quartus_map --read_settings_files=on --write_settings_files=off Jogo_desagfio_memoria -c Jogo_desagfio_memoria --analysis_and_elaboration
Warning (18236): Number of processors has not been specified which may cause overloading on shared machines.  Set the global assignment NUM_PARALLEL_PROCESSORS in your QSF to an appropriate value for best performance.
Info (20030): Parallel compilation is enabled and will use 4 of the 4 processors detected
Info (12021): Found 1 design units, including 1 entities, in source file /users/matus/desktop/lab dig/labdigi/exp7/quartus/jogo_desafio_memoria_restored/modules/sync_rom_16x4.v
    Info (12023): Found entity 1: sync_rom_16x4 File: C:/Users/matus/Desktop/Lab Dig/LabDigI/Exp7/Quartus/Jogo_desafio_memoria_restored/modules/sync_rom_16x4.v Line: 13
Info (12021): Found 1 design units, including 1 entities, in source file /users/matus/desktop/lab dig/labdigi/exp7/quartus/jogo_desafio_memoria_restored/modules/registrador_4.v
    Info (12023): Found entity 1: registrador_4 File: C:/Users/matus/Desktop/Lab Dig/LabDigI/Exp7/Quartus/Jogo_desafio_memoria_restored/modules/registrador_4.v Line: 13
Info (12021): Found 1 design units, including 1 entities, in source file /users/matus/desktop/lab dig/labdigi/exp7/quartus/jogo_desafio_memoria_restored/modules/mux2x1_n.v
    Info (12023): Found entity 1: mux2x1_n File: C:/Users/matus/Desktop/Lab Dig/LabDigI/Exp7/Quartus/Jogo_desafio_memoria_restored/modules/mux2x1_n.v Line: 17
Info (12021): Found 1 design units, including 1 entities, in source file /users/matus/desktop/lab dig/labdigi/exp7/quartus/jogo_desafio_memoria_restored/modules/hexa7seg.v
    Info (12023): Found entity 1: hexa7seg File: C:/Users/matus/Desktop/Lab Dig/LabDigI/Exp7/Quartus/Jogo_desafio_memoria_restored/modules/hexa7seg.v Line: 23
Info (12021): Found 1 design units, including 1 entities, in source file /users/matus/desktop/lab dig/labdigi/exp7/quartus/jogo_desafio_memoria_restored/modules/edge_detector.v
    Info (12023): Found entity 1: edge_detector File: C:/Users/matus/Desktop/Lab Dig/LabDigI/Exp7/Quartus/Jogo_desafio_memoria_restored/modules/edge_detector.v Line: 21
Info (12021): Found 1 design units, including 1 entities, in source file /users/matus/desktop/lab dig/labdigi/exp7/quartus/jogo_desafio_memoria_restored/modules/contador_m.v
    Info (12023): Found entity 1: contador_m File: C:/Users/matus/Desktop/Lab Dig/LabDigI/Exp7/Quartus/Jogo_desafio_memoria_restored/modules/contador_m.v Line: 20
Info (12021): Found 1 design units, including 1 entities, in source file /users/matus/desktop/lab dig/labdigi/exp7/quartus/jogo_desafio_memoria_restored/modules/contador_163.v
    Info (12023): Found entity 1: contador_163 File: C:/Users/matus/Desktop/Lab Dig/LabDigI/Exp7/Quartus/Jogo_desafio_memoria_restored/modules/contador_163.v Line: 16
Info (12021): Found 1 design units, including 1 entities, in source file /users/matus/desktop/lab dig/labdigi/exp7/quartus/jogo_desafio_memoria_restored/modules/comparador_85.v
    Info (12023): Found entity 1: comparador_85 File: C:/Users/matus/Desktop/Lab Dig/LabDigI/Exp7/Quartus/Jogo_desafio_memoria_restored/modules/comparador_85.v Line: 16
Info (12021): Found 1 design units, including 1 entities, in source file /users/matus/desktop/lab dig/labdigi/exp7/quartus/jogo_desafio_memoria_restored/jogo_desafio_memoria.v
    Info (12023): Found entity 1: jogo_desafio_memoria File: C:/Users/matus/Desktop/Lab Dig/LabDigI/Exp7/Quartus/Jogo_desafio_memoria_restored/jogo_desafio_memoria.v Line: 13
Info (12021): Found 1 design units, including 1 entities, in source file /users/matus/desktop/lab dig/labdigi/exp7/quartus/jogo_desafio_memoria_restored/exp7_unidade_controle.v
    Info (12023): Found entity 1: unidade_controle File: C:/Users/matus/Desktop/Lab Dig/LabDigI/Exp7/Quartus/Jogo_desafio_memoria_restored/exp7_unidade_controle.v Line: 1
Info (12021): Found 1 design units, including 1 entities, in source file /users/matus/desktop/lab dig/labdigi/exp7/quartus/jogo_desafio_memoria_restored/exp7_fluxo_dados.v
    Info (12023): Found entity 1: fluxo_dados File: C:/Users/matus/Desktop/Lab Dig/LabDigI/Exp7/Quartus/Jogo_desafio_memoria_restored/exp7_fluxo_dados.v Line: 22
Info (12127): Elaborating entity "jogo_desafio_memoria" for the top level hierarchy
Warning (10034): Output port "db_igual" at jogo_desafio_memoria.v(22) has no driver File: C:/Users/matus/Desktop/Lab Dig/LabDigI/Exp7/Quartus/Jogo_desafio_memoria_restored/jogo_desafio_memoria.v Line: 22
Warning (10034): Output port "db_clock" at jogo_desafio_memoria.v(22) has no driver File: C:/Users/matus/Desktop/Lab Dig/LabDigI/Exp7/Quartus/Jogo_desafio_memoria_restored/jogo_desafio_memoria.v Line: 22
Warning (10034): Output port "db_fimseq" at jogo_desafio_memoria.v(22) has no driver File: C:/Users/matus/Desktop/Lab Dig/LabDigI/Exp7/Quartus/Jogo_desafio_memoria_restored/jogo_desafio_memoria.v Line: 22
Info (12128): Elaborating entity "fluxo_dados" for hierarchy "fluxo_dados:fluxo_dados" File: C:/Users/matus/Desktop/Lab Dig/LabDigI/Exp7/Quartus/Jogo_desafio_memoria_restored/jogo_desafio_memoria.v Line: 48
Info (12128): Elaborating entity "contador_163" for hierarchy "fluxo_dados:fluxo_dados|contador_163:ContSeq" File: C:/Users/matus/Desktop/Lab Dig/LabDigI/Exp7/Quartus/Jogo_desafio_memoria_restored/exp7_fluxo_dados.v Line: 53
Info (12128): Elaborating entity "comparador_85" for hierarchy "fluxo_dados:fluxo_dados|comparador_85:ComparadorJogada" File: C:/Users/matus/Desktop/Lab Dig/LabDigI/Exp7/Quartus/Jogo_desafio_memoria_restored/exp7_fluxo_dados.v Line: 77
Info (12128): Elaborating entity "sync_rom_16x4" for hierarchy "fluxo_dados:fluxo_dados|sync_rom_16x4:MemJogo" File: C:/Users/matus/Desktop/Lab Dig/LabDigI/Exp7/Quartus/Jogo_desafio_memoria_restored/exp7_fluxo_dados.v Line: 95
Info (12128): Elaborating entity "registrador_4" for hierarchy "fluxo_dados:fluxo_dados|registrador_4:RegBotoes" File: C:/Users/matus/Desktop/Lab Dig/LabDigI/Exp7/Quartus/Jogo_desafio_memoria_restored/exp7_fluxo_dados.v Line: 104
Info (12128): Elaborating entity "edge_detector" for hierarchy "fluxo_dados:fluxo_dados|edge_detector:detector" File: C:/Users/matus/Desktop/Lab Dig/LabDigI/Exp7/Quartus/Jogo_desafio_memoria_restored/exp7_fluxo_dados.v Line: 120
Info (12128): Elaborating entity "contador_m" for hierarchy "fluxo_dados:fluxo_dados|contador_m:contador_timeout" File: C:/Users/matus/Desktop/Lab Dig/LabDigI/Exp7/Quartus/Jogo_desafio_memoria_restored/exp7_fluxo_dados.v Line: 131
Info (12128): Elaborating entity "contador_m" for hierarchy "fluxo_dados:fluxo_dados|contador_m:contadorTMR" File: C:/Users/matus/Desktop/Lab Dig/LabDigI/Exp7/Quartus/Jogo_desafio_memoria_restored/exp7_fluxo_dados.v Line: 141
Info (12128): Elaborating entity "mux2x1_n" for hierarchy "fluxo_dados:fluxo_dados|mux2x1_n:seletor" File: C:/Users/matus/Desktop/Lab Dig/LabDigI/Exp7/Quartus/Jogo_desafio_memoria_restored/exp7_fluxo_dados.v Line: 148
Info (12128): Elaborating entity "unidade_controle" for hierarchy "unidade_controle:unidade_controle" File: C:/Users/matus/Desktop/Lab Dig/LabDigI/Exp7/Quartus/Jogo_desafio_memoria_restored/jogo_desafio_memoria.v Line: 63
Warning (10034): Output port "zeraL" at exp7_unidade_controle.v(6) has no driver File: C:/Users/matus/Desktop/Lab Dig/LabDigI/Exp7/Quartus/Jogo_desafio_memoria_restored/exp7_unidade_controle.v Line: 6
Info (12128): Elaborating entity "hexa7seg" for hierarchy "hexa7seg:display_contagem" File: C:/Users/matus/Desktop/Lab Dig/LabDigI/Exp7/Quartus/Jogo_desafio_memoria_restored/jogo_desafio_memoria.v Line: 72
Warning (12241): 3 hierarchies have connectivity warnings - see the Connectivity Checks report folder
Info: Quartus Prime Analysis & Elaboration was successful. 0 errors, 6 warnings
    Info: Peak virtual memory: 4769 megabytes
    Info: Processing ended: Mon Feb 17 11:38:49 2025
    Info: Elapsed time: 00:00:16
    Info: Total CPU time (on all processors): 00:00:11


